  [1m[35m (302.1ms)[0m  [1m[35mCREATE DATABASE "school_management_development_db" ENCODING = 'utf8'[0m
  [1m[35m (69.2ms)[0m  [1m[35mCREATE DATABASE "school_management_test_db" ENCODING = 'utf8'[0m
  [1m[35m (10.3ms)[0m  [1m[35mCREATE TABLE "schema_migrations" ("version" character varying NOT NULL PRIMARY KEY)[0m
  [1m[35m (5.9ms)[0m  [1m[35mCREATE TABLE "ar_internal_metadata" ("key" character varying NOT NULL PRIMARY KEY, "value" character varying, "created_at" timestamp(6) NOT NULL, "updated_at" timestamp(6) NOT NULL)[0m
  [1m[35m (0.3ms)[0m  [1m[34mSELECT pg_try_advisory_lock(6340294127438462730)[0m
  [1m[35m (0.6ms)[0m  [1m[34mSELECT "schema_migrations"."version" FROM "schema_migrations" ORDER BY "schema_migrations"."version" ASC[0m
Migrating to DeviseCreateParents (20170911111654)
  [1m[36mTRANSACTION (0.2ms)[0m  [1m[35mBEGIN[0m
  [1m[35m (6.1ms)[0m  [1m[35mCREATE TABLE "parents" ("id" bigserial primary key, "email" character varying DEFAULT '' NOT NULL, "encrypted_password" character varying DEFAULT '' NOT NULL, "reset_password_token" character varying, "reset_password_sent_at" timestamp, "remember_created_at" timestamp, "sign_in_count" integer DEFAULT 0 NOT NULL, "current_sign_in_at" timestamp, "last_sign_in_at" timestamp, "current_sign_in_ip" character varying, "last_sign_in_ip" character varying, "name" character varying, "dob" date, "phone" character varying, "address" text, "lat" float, "long" float, "last_login_ip" character varying, "created_at" timestamp NOT NULL, "updated_at" timestamp NOT NULL)[0m
  [1m[35m (2.2ms)[0m  [1m[35mCREATE UNIQUE INDEX "index_parents_on_email" ON "parents" ("email")[0m
  [1m[35m (2.2ms)[0m  [1m[35mCREATE UNIQUE INDEX "index_parents_on_reset_password_token" ON "parents" ("reset_password_token")[0m
  [1m[36mActiveRecord::SchemaMigration Create (0.6ms)[0m  [1m[32mINSERT INTO "schema_migrations" ("version") VALUES ($1) RETURNING "version"[0m  [["version", "20170911111654"]]
  [1m[36mTRANSACTION (0.9ms)[0m  [1m[35mCOMMIT[0m
Migrating to AddGenderToParents (20170911134614)
  [1m[36mTRANSACTION (0.3ms)[0m  [1m[35mBEGIN[0m
  [1m[35m (0.4ms)[0m  [1m[35mALTER TABLE "parents" ADD "gender" character varying[0m
  [1m[36mActiveRecord::SchemaMigration Create (0.3ms)[0m  [1m[32mINSERT INTO "schema_migrations" ("version") VALUES ($1) RETURNING "version"[0m  [["version", "20170911134614"]]
  [1m[36mTRANSACTION (0.8ms)[0m  [1m[35mCOMMIT[0m
Migrating to AddSetLastLoginIpDefaultValueToParents (20170911160152)
  [1m[36mTRANSACTION (0.2ms)[0m  [1m[35mBEGIN[0m
  [1m[35m (0.5ms)[0m  [1m[35mALTER TABLE "parents" ALTER COLUMN "last_login_ip" TYPE character varying[0m
  [1m[35m (1.0ms)[0m  [1m[35mALTER TABLE "parents" ALTER COLUMN "last_login_ip" SET DEFAULT '127.0.0.1'[0m
  [1m[36mActiveRecord::SchemaMigration Create (0.3ms)[0m  [1m[32mINSERT INTO "schema_migrations" ("version") VALUES ($1) RETURNING "version"[0m  [["version", "20170911160152"]]
  [1m[36mTRANSACTION (0.7ms)[0m  [1m[35mCOMMIT[0m
Migrating to AddImageToParents (20170911161140)
  [1m[36mTRANSACTION (0.2ms)[0m  [1m[35mBEGIN[0m
  [1m[35m (0.4ms)[0m  [1m[35mALTER TABLE "parents" ADD "image" character varying[0m
  [1m[36mActiveRecord::SchemaMigration Create (0.4ms)[0m  [1m[32mINSERT INTO "schema_migrations" ("version") VALUES ($1) RETURNING "version"[0m  [["version", "20170911161140"]]
  [1m[36mTRANSACTION (0.8ms)[0m  [1m[35mCOMMIT[0m
Migrating to DeviseCreateTeachers (20170913054829)
  [1m[36mTRANSACTION (0.2ms)[0m  [1m[35mBEGIN[0m
  [1m[35m (5.8ms)[0m  [1m[35mCREATE TABLE "teachers" ("id" bigserial primary key, "email" character varying DEFAULT '' NOT NULL, "encrypted_password" character varying DEFAULT '' NOT NULL, "reset_password_token" character varying, "reset_password_sent_at" timestamp, "remember_created_at" timestamp, "sign_in_count" integer DEFAULT 0 NOT NULL, "current_sign_in_at" timestamp, "last_sign_in_at" timestamp, "current_sign_in_ip" character varying, "last_sign_in_ip" character varying, "name" character varying, "dob" date, "gender" character varying, "image" character varying, "phone" character varying, "address" text, "lat" float, "long" float, "last_login_ip" character varying, "created_at" timestamp NOT NULL, "updated_at" timestamp NOT NULL)[0m
  [1m[35m (2.1ms)[0m  [1m[35mCREATE UNIQUE INDEX "index_teachers_on_email" ON "teachers" ("email")[0m
  [1m[35m (1.9ms)[0m  [1m[35mCREATE UNIQUE INDEX "index_teachers_on_reset_password_token" ON "teachers" ("reset_password_token")[0m
  [1m[36mActiveRecord::SchemaMigration Create (0.3ms)[0m  [1m[32mINSERT INTO "schema_migrations" ("version") VALUES ($1) RETURNING "version"[0m  [["version", "20170913054829"]]
  [1m[36mTRANSACTION (0.9ms)[0m  [1m[35mCOMMIT[0m
Migrating to AddSetLastLoginIpDefaultValueToTeachers (20170913055003)
  [1m[36mTRANSACTION (0.2ms)[0m  [1m[35mBEGIN[0m
  [1m[35m (0.5ms)[0m  [1m[35mALTER TABLE "teachers" ALTER COLUMN "last_login_ip" TYPE character varying[0m
  [1m[35m (0.5ms)[0m  [1m[35mALTER TABLE "teachers" ALTER COLUMN "last_login_ip" SET DEFAULT '127.0.0.1'[0m
  [1m[36mActiveRecord::SchemaMigration Create (0.5ms)[0m  [1m[32mINSERT INTO "schema_migrations" ("version") VALUES ($1) RETURNING "version"[0m  [["version", "20170913055003"]]
  [1m[36mTRANSACTION (0.8ms)[0m  [1m[35mCOMMIT[0m
Migrating to CreateGrades (20170914054735)
  [1m[36mTRANSACTION (0.3ms)[0m  [1m[35mBEGIN[0m
  [1m[35m (5.2ms)[0m  [1m[35mCREATE TABLE "grades" ("id" bigserial primary key, "name" character varying, "description" text, "created_at" timestamp NOT NULL, "updated_at" timestamp NOT NULL)[0m
  [1m[36mActiveRecord::SchemaMigration Create (0.4ms)[0m  [1m[32mINSERT INTO "schema_migrations" ("version") VALUES ($1) RETURNING "version"[0m  [["version", "20170914054735"]]
  [1m[36mTRANSACTION (0.9ms)[0m  [1m[35mCOMMIT[0m
Migrating to CreateExamCategories (20170914151203)
  [1m[36mTRANSACTION (0.2ms)[0m  [1m[35mBEGIN[0m
  [1m[35m (5.2ms)[0m  [1m[35mCREATE TABLE "exam_categories" ("id" bigserial primary key, "name" character varying, "description" text, "created_at" timestamp NOT NULL, "updated_at" timestamp NOT NULL)[0m
  [1m[36mActiveRecord::SchemaMigration Create (0.3ms)[0m  [1m[32mINSERT INTO "schema_migrations" ("version") VALUES ($1) RETURNING "version"[0m  [["version", "20170914151203"]]
  [1m[36mTRANSACTION (0.9ms)[0m  [1m[35mCOMMIT[0m
Migrating to DeviseCreateStudents (20170918062503)
  [1m[36mTRANSACTION (0.2ms)[0m  [1m[35mBEGIN[0m
  [1m[35m (6.0ms)[0m  [1m[35mCREATE TABLE "students" ("id" bigserial primary key, "email" character varying DEFAULT '' NOT NULL, "encrypted_password" character varying DEFAULT '' NOT NULL, "reset_password_token" character varying, "reset_password_sent_at" timestamp, "remember_created_at" timestamp, "sign_in_count" integer DEFAULT 0 NOT NULL, "current_sign_in_at" timestamp, "last_sign_in_at" timestamp, "current_sign_in_ip" character varying, "last_sign_in_ip" character varying, "name" character varying, "dob" date, "phone" character varying, "address" text, "lat" float, "long" float, "last_login_ip" character varying, "parent_id" bigint, "created_at" timestamp NOT NULL, "updated_at" timestamp NOT NULL)[0m
  [1m[35m (1.9ms)[0m  [1m[35mCREATE INDEX "index_students_on_parent_id" ON "students" ("parent_id")[0m
  [1m[35m (2.6ms)[0m  [1m[35mCREATE UNIQUE INDEX "index_students_on_email" ON "students" ("email")[0m
  [1m[35m (4.6ms)[0m  [1m[35mCREATE UNIQUE INDEX "index_students_on_reset_password_token" ON "students" ("reset_password_token")[0m
  [1m[36mActiveRecord::SchemaMigration Create (1.2ms)[0m  [1m[32mINSERT INTO "schema_migrations" ("version") VALUES ($1) RETURNING "version"[0m  [["version", "20170918062503"]]
  [1m[36mTRANSACTION (2.7ms)[0m  [1m[35mCOMMIT[0m
Migrating to AddGenderToStudents (20170918063545)
  [1m[36mTRANSACTION (0.7ms)[0m  [1m[35mBEGIN[0m
  [1m[35m (1.4ms)[0m  [1m[35mALTER TABLE "students" ADD "gender" character varying[0m
  [1m[36mActiveRecord::SchemaMigration Create (0.8ms)[0m  [1m[32mINSERT INTO "schema_migrations" ("version") VALUES ($1) RETURNING "version"[0m  [["version", "20170918063545"]]
  [1m[36mTRANSACTION (1.0ms)[0m  [1m[35mCOMMIT[0m
Migrating to AddImageToStudents (20170918071013)
  [1m[36mTRANSACTION (0.5ms)[0m  [1m[35mBEGIN[0m
  [1m[35m (0.7ms)[0m  [1m[35mALTER TABLE "students" ADD "image" character varying[0m
  [1m[36mActiveRecord::SchemaMigration Create (0.5ms)[0m  [1m[32mINSERT INTO "schema_migrations" ("version") VALUES ($1) RETURNING "version"[0m  [["version", "20170918071013"]]
  [1m[36mTRANSACTION (0.9ms)[0m  [1m[35mCOMMIT[0m
Migrating to CreateExams (20170918073059)
  [1m[36mTRANSACTION (0.3ms)[0m  [1m[35mBEGIN[0m
  [1m[35m (6.6ms)[0m  [1m[35mCREATE TABLE "exams" ("id" bigserial primary key, "exam_category_id" bigint, "name" character varying, "start_date" date, "created_at" timestamp NOT NULL, "updated_at" timestamp NOT NULL, CONSTRAINT "fk_rails_d3d7a740ef"
FOREIGN KEY ("exam_category_id")
  REFERENCES "exam_categories" ("id")
)[0m
  [1m[35m (2.1ms)[0m  [1m[35mCREATE INDEX "index_exams_on_exam_category_id" ON "exams" ("exam_category_id")[0m
  [1m[36mActiveRecord::SchemaMigration Create (0.3ms)[0m  [1m[32mINSERT INTO "schema_migrations" ("version") VALUES ($1) RETURNING "version"[0m  [["version", "20170918073059"]]
  [1m[36mTRANSACTION (0.9ms)[0m  [1m[35mCOMMIT[0m
Migrating to CreateCourses (20170918075805)
  [1m[36mTRANSACTION (0.3ms)[0m  [1m[35mBEGIN[0m
  [1m[35m (5.8ms)[0m  [1m[35mCREATE TABLE "courses" ("id" bigserial primary key, "name" character varying, "description" text, "grade_id" bigint, "created_at" timestamp NOT NULL, "updated_at" timestamp NOT NULL, CONSTRAINT "fk_rails_3f55dacdd2"
FOREIGN KEY ("grade_id")
  REFERENCES "grades" ("id")
)[0m
  [1m[35m (2.2ms)[0m  [1m[35mCREATE INDEX "index_courses_on_grade_id" ON "courses" ("grade_id")[0m
  [1m[36mActiveRecord::SchemaMigration Create (0.4ms)[0m  [1m[32mINSERT INTO "schema_migrations" ("version") VALUES ($1) RETURNING "version"[0m  [["version", "20170918075805"]]
  [1m[36mTRANSACTION (0.9ms)[0m  [1m[35mCOMMIT[0m
Migrating to CreateClassrooms (20170918082042)
  [1m[36mTRANSACTION (0.3ms)[0m  [1m[35mBEGIN[0m
  [1m[35m (6.3ms)[0m  [1m[35mCREATE TABLE "classrooms" ("id" bigserial primary key, "name" character varying, "year" character varying, "grade_id" bigint, "section" character varying, "status" character varying, "remarks" character varying, "teacher_id" bigint, "created_at" timestamp NOT NULL, "updated_at" timestamp NOT NULL, CONSTRAINT "fk_rails_11c38ef6bf"
FOREIGN KEY ("grade_id")
  REFERENCES "grades" ("id")
, CONSTRAINT "fk_rails_33e9cf11b8"
FOREIGN KEY ("teacher_id")
  REFERENCES "teachers" ("id")
)[0m
  [1m[35m (2.2ms)[0m  [1m[35mCREATE INDEX "index_classrooms_on_grade_id" ON "classrooms" ("grade_id")[0m
  [1m[35m (2.2ms)[0m  [1m[35mCREATE INDEX "index_classrooms_on_teacher_id" ON "classrooms" ("teacher_id")[0m
  [1m[36mActiveRecord::SchemaMigration Create (0.4ms)[0m  [1m[32mINSERT INTO "schema_migrations" ("version") VALUES ($1) RETURNING "version"[0m  [["version", "20170918082042"]]
  [1m[36mTRANSACTION (1.0ms)[0m  [1m[35mCOMMIT[0m
Migrating to CreateAttendances (20170918085121)
  [1m[36mTRANSACTION (0.3ms)[0m  [1m[35mBEGIN[0m
  [1m[35m (6.0ms)[0m  [1m[35mCREATE TABLE "attendances" ("id" bigserial primary key, "student_id" bigint, "start_date" date, "end_date" date, "status" character varying, "remark" character varying, "created_at" timestamp NOT NULL, "updated_at" timestamp NOT NULL, CONSTRAINT "fk_rails_ab4e2d21a2"
FOREIGN KEY ("student_id")
  REFERENCES "students" ("id")
)[0m
  [1m[35m (2.2ms)[0m  [1m[35mCREATE INDEX "index_attendances_on_student_id" ON "attendances" ("student_id")[0m
  [1m[36mActiveRecord::SchemaMigration Create (0.4ms)[0m  [1m[32mINSERT INTO "schema_migrations" ("version") VALUES ($1) RETURNING "version"[0m  [["version", "20170918085121"]]
  [1m[36mTRANSACTION (0.9ms)[0m  [1m[35mCOMMIT[0m
Migrating to DeviseCreateUsers (20170923025443)
  [1m[36mTRANSACTION (0.3ms)[0m  [1m[35mBEGIN[0m
  [1m[35m (5.9ms)[0m  [1m[35mCREATE TABLE "users" ("id" bigserial primary key, "email" character varying DEFAULT '' NOT NULL, "encrypted_password" character varying DEFAULT '' NOT NULL, "reset_password_token" character varying, "reset_password_sent_at" timestamp, "remember_created_at" timestamp, "sign_in_count" integer DEFAULT 0 NOT NULL, "current_sign_in_at" timestamp, "last_sign_in_at" timestamp, "current_sign_in_ip" character varying, "last_sign_in_ip" character varying, "name" character varying, "gender" character varying, "phone" character varying, "image" character varying, "created_at" timestamp NOT NULL, "updated_at" timestamp NOT NULL)[0m
  [1m[35m (2.4ms)[0m  [1m[35mCREATE UNIQUE INDEX "index_users_on_email" ON "users" ("email")[0m
  [1m[35m (2.1ms)[0m  [1m[35mCREATE UNIQUE INDEX "index_users_on_reset_password_token" ON "users" ("reset_password_token")[0m
  [1m[36mActiveRecord::SchemaMigration Create (0.8ms)[0m  [1m[32mINSERT INTO "schema_migrations" ("version") VALUES ($1) RETURNING "version"[0m  [["version", "20170923025443"]]
  [1m[36mTRANSACTION (1.1ms)[0m  [1m[35mCOMMIT[0m
  [1m[36mActiveRecord::InternalMetadata Load (0.5ms)[0m  [1m[34mSELECT "ar_internal_metadata".* FROM "ar_internal_metadata" WHERE "ar_internal_metadata"."key" = $1 LIMIT $2[0m  [["key", "environment"], ["LIMIT", 1]]
  [1m[36mTRANSACTION (0.3ms)[0m  [1m[35mBEGIN[0m
  [1m[36mActiveRecord::InternalMetadata Create (0.6ms)[0m  [1m[32mINSERT INTO "ar_internal_metadata" ("key", "value", "created_at", "updated_at") VALUES ($1, $2, $3, $4) RETURNING "key"[0m  [["key", "environment"], ["value", "development"], ["created_at", "2024-01-08 19:26:28.465420"], ["updated_at", "2024-01-08 19:26:28.465420"]]
  [1m[36mTRANSACTION (0.9ms)[0m  [1m[35mCOMMIT[0m
  [1m[35m (0.5ms)[0m  [1m[34mSELECT pg_advisory_unlock(6340294127438462730)[0m
  [1m[35m (2.6ms)[0m  [1m[34mSELECT "schema_migrations"."version" FROM "schema_migrations" ORDER BY "schema_migrations"."version" ASC[0m
Started GET "/" for ::1 at 2024-01-09 00:56:59 +0530
  [1m[35m (0.8ms)[0m  [1m[34mSELECT "schema_migrations"."version" FROM "schema_migrations" ORDER BY "schema_migrations"."version" ASC[0m
Processing by DashboardController#index as HTML
Completed 401 Unauthorized in 17ms (ActiveRecord: 0.0ms | Allocations: 2941)


Started GET "/auth/users/sign_in" for ::1 at 2024-01-09 00:56:59 +0530
Processing by Devise::SessionsController#new as HTML
  Rendering layout layouts/devise.html.haml
  Rendering devise/sessions/new.html.erb within layouts/devise
  Rendered devise/shared/_links.html.erb (Duration: 1.4ms | Allocations: 674)
  Rendered devise/sessions/new.html.erb within layouts/devise (Duration: 49.7ms | Allocations: 12628)
  Rendered layout layouts/devise.html.haml (Duration: 9253.7ms | Allocations: 279041)
Completed 200 OK in 9301ms (Views: 9260.6ms | ActiveRecord: 5.3ms | Allocations: 290459)


Started GET "/auth/users/sign_up" for ::1 at 2024-01-09 00:57:15 +0530
Processing by Devise::RegistrationsController#new as HTML
  Rendering layout layouts/devise.html.haml
  Rendering devise/registrations/new.html.erb within layouts/devise
  Rendered devise/shared/_links.html.erb (Duration: 1.4ms | Allocations: 148)
  Rendered devise/registrations/new.html.erb within layouts/devise (Duration: 11.5ms | Allocations: 3282)
  Rendered layout layouts/devise.html.haml (Duration: 34.1ms | Allocations: 13740)
Completed 200 OK in 42ms (Views: 39.4ms | ActiveRecord: 0.0ms | Allocations: 15174)


Started POST "/auth/users" for ::1 at 2024-01-09 00:57:24 +0530
Processing by Devise::RegistrationsController#create as HTML
  Parameters: {"utf8"=>"✓", "authenticity_token"=>"Ud1+ECJwx4gu7/4ZNiCi3ODuFU1n+W2Txw9KriYrvw7cGwQdOqKwCf+n/GbH73oUUx3Wn78PKuXKDxyQ6gaipw==", "user"=>{"email"=>"tushar@gmail.com", "password"=>"[FILTERED]", "password_confirmation"=>"[FILTERED]"}, "commit"=>"Sign up"}
  [1m[36mTRANSACTION (0.3ms)[0m  [1m[35mBEGIN[0m
  [1m[36mUser Exists? (1.0ms)[0m  [1m[34mSELECT 1 AS one FROM "users" WHERE "users"."email" = $1 LIMIT $2[0m  [["email", "tushar@gmail.com"], ["LIMIT", 1]]
  [1m[36mUser Create (0.9ms)[0m  [1m[32mINSERT INTO "users" ("email", "encrypted_password", "created_at", "updated_at") VALUES ($1, $2, $3, $4) RETURNING "id"[0m  [["email", "tushar@gmail.com"], ["encrypted_password", "$2a$11$tNXbO20B8uj4PDrfcdIh5e4/vSOPgmSjFxgwERsV8G7MIiaoLZWiO"], ["created_at", "2024-01-08 19:27:24.839657"], ["updated_at", "2024-01-08 19:27:24.839657"]]
  [1m[36mTRANSACTION (0.8ms)[0m  [1m[35mCOMMIT[0m
  [1m[36mTRANSACTION (0.2ms)[0m  [1m[35mBEGIN[0m
  [1m[36mUser Update (1.0ms)[0m  [1m[33mUPDATE "users" SET "sign_in_count" = $1, "current_sign_in_at" = $2, "last_sign_in_at" = $3, "current_sign_in_ip" = $4, "last_sign_in_ip" = $5, "updated_at" = $6 WHERE "users"."id" = $7[0m  [["sign_in_count", 1], ["current_sign_in_at", "2024-01-08 19:27:24.844417"], ["last_sign_in_at", "2024-01-08 19:27:24.844417"], ["current_sign_in_ip", "::1"], ["last_sign_in_ip", "::1"], ["updated_at", "2024-01-08 19:27:24.844630"], ["id", 1]]
  [1m[36mTRANSACTION (0.8ms)[0m  [1m[35mCOMMIT[0m
Redirected to http://localhost:3000/
Completed 302 Found in 224ms (ActiveRecord: 5.1ms | Allocations: 7234)


Started GET "/" for ::1 at 2024-01-09 00:57:24 +0530
Processing by DashboardController#index as HTML
  [1m[36mUser Load (0.4ms)[0m  [1m[34mSELECT "users".* FROM "users" WHERE "users"."id" = $1 ORDER BY "users"."id" ASC LIMIT $2[0m  [["id", 1], ["LIMIT", 1]]
  Rendering layout layouts/application.html.haml
  Rendering dashboard/index.html.haml within layouts/application
  Rendered dashboard/index.html.haml within layouts/application (Duration: 4.7ms | Allocations: 1600)
  Rendered partials/_sidebar.html.haml (Duration: 12.6ms | Allocations: 14044)
  Rendered partials/_topnav.html.haml (Duration: 26.1ms | Allocations: 15438)
  Rendered layout layouts/application.html.haml (Duration: 75.6ms | Allocations: 51846)
Completed 200 OK in 84ms (Views: 78.2ms | ActiveRecord: 0.6ms | Allocations: 53842)


Started GET "/users/1" for ::1 at 2024-01-09 00:57:31 +0530
Processing by UsersController#show as HTML
  Parameters: {"id"=>"1"}
  [1m[36mUser Load (2.1ms)[0m  [1m[34mSELECT "users".* FROM "users" WHERE "users"."id" = $1 ORDER BY "users"."id" ASC LIMIT $2[0m  [["id", 1], ["LIMIT", 1]]
  [1m[36mUser Load (0.7ms)[0m  [1m[34mSELECT "users".* FROM "users" WHERE "users"."id" = $1 LIMIT $2[0m  [["id", 1], ["LIMIT", 1]]
  Rendering layout layouts/application.html.haml
  Rendering users/show.html.haml within layouts/application
  Rendered users/show.html.haml within layouts/application (Duration: 5.6ms | Allocations: 2984)
  Rendered partials/_sidebar.html.haml (Duration: 1.0ms | Allocations: 532)
  Rendered partials/_topnav.html.haml (Duration: 0.3ms | Allocations: 100)
  Rendered layout layouts/application.html.haml (Duration: 31.4ms | Allocations: 14228)
Completed 200 OK in 55ms (Views: 36.1ms | ActiveRecord: 2.8ms | Allocations: 16233)


Started GET "/users/1" for ::1 at 2024-01-09 00:57:35 +0530
Processing by UsersController#show as HTML
  Parameters: {"id"=>"1"}
  [1m[36mUser Load (1.5ms)[0m  [1m[34mSELECT "users".* FROM "users" WHERE "users"."id" = $1 ORDER BY "users"."id" ASC LIMIT $2[0m  [["id", 1], ["LIMIT", 1]]
  [1m[36mUser Load (2.5ms)[0m  [1m[34mSELECT "users".* FROM "users" WHERE "users"."id" = $1 LIMIT $2[0m  [["id", 1], ["LIMIT", 1]]
  Rendering layout layouts/application.html.haml
  Rendering users/show.html.haml within layouts/application
  Rendered users/show.html.haml within layouts/application (Duration: 1.4ms | Allocations: 91)
  Rendered partials/_sidebar.html.haml (Duration: 0.8ms | Allocations: 470)
  Rendered partials/_topnav.html.haml (Duration: 0.3ms | Allocations: 86)
  Rendered layout layouts/application.html.haml (Duration: 49.2ms | Allocations: 11050)
Completed 200 OK in 71ms (Views: 51.3ms | ActiveRecord: 4.0ms | Allocations: 12355)


Started GET "/students" for ::1 at 2024-01-09 00:57:37 +0530
Processing by StudentsController#index as HTML
  [1m[36mUser Load (2.6ms)[0m  [1m[34mSELECT "users".* FROM "users" WHERE "users"."id" = $1 ORDER BY "users"."id" ASC LIMIT $2[0m  [["id", 1], ["LIMIT", 1]]
  Rendering layout layouts/application.html.haml
  Rendering students/index.html.haml within layouts/application
  [1m[36mStudent Load (1.7ms)[0m  [1m[34mSELECT "students".* FROM "students"[0m
  Rendered students/index.html.haml within layouts/application (Duration: 37.2ms | Allocations: 11317)
  Rendered partials/_sidebar.html.haml (Duration: 0.8ms | Allocations: 528)
  Rendered partials/_topnav.html.haml (Duration: 0.2ms | Allocations: 100)
  Rendered layout layouts/application.html.haml (Duration: 62.4ms | Allocations: 22563)
Completed 200 OK in 83ms (Views: 62.5ms | ActiveRecord: 7.5ms | Allocations: 24314)


Started GET "/students/new" for ::1 at 2024-01-09 00:57:39 +0530
Processing by StudentsController#new as HTML
  [1m[36mUser Load (6.1ms)[0m  [1m[34mSELECT "users".* FROM "users" WHERE "users"."id" = $1 ORDER BY "users"."id" ASC LIMIT $2[0m  [["id", 1], ["LIMIT", 1]]
  Rendering layout layouts/application.html.haml
  Rendering students/new.html.haml within layouts/application
  [1m[36mParent Load (0.8ms)[0m  [1m[34mSELECT "parents".* FROM "parents"[0m
  Rendered students/_form.html.haml (Duration: 42.9ms | Allocations: 22721)
  Rendered students/new.html.haml within layouts/application (Duration: 48.3ms | Allocations: 27269)
  Rendered partials/_sidebar.html.haml (Duration: 0.8ms | Allocations: 498)
  Rendered partials/_topnav.html.haml (Duration: 0.4ms | Allocations: 94)
  Rendered layout layouts/application.html.haml (Duration: 65.6ms | Allocations: 38265)
Completed 200 OK in 143ms (Views: 62.9ms | ActiveRecord: 25.5ms | Allocations: 48392)


Started POST "/students" for ::1 at 2024-01-09 00:59:05 +0530
Processing by StudentsController#create as HTML
  Parameters: {"utf8"=>"✓", "authenticity_token"=>"e+yg5+0SjtZAxn4/UI21/6Zk5Y3ZBObkMhAk4GWurXH2Ktrq9cD5V5GOfEChQm03FZcmXwHyoZI/EHLeqYOw2A==", "student"=>{"image"=>#<ActionDispatch::Http::UploadedFile:0x00007fded814f910 @tempfile=#<Tempfile:/tmp/RackMultipart20240109-103105-opjtg9.png>, @original_filename="Screenshot from 2023-10-09 19-17-01.png", @content_type="image/png", @headers="Content-Disposition: form-data; name=\"student[image]\"; filename=\"Screenshot from 2023-10-09 19-17-01.png\"\r\nContent-Type: image/png\r\n">, "image_cache"=>"", "name"=>"Tushar", "email"=>"tushar11@gmail.com", "password"=>"[FILTERED]", "dob(1i)"=>"2024", "dob(2i)"=>"1", "dob(3i)"=>"8", "phone"=>"08765566543", "gender"=>"Male", "address"=>"sanwer\r\nsanwer", "lat"=>"", "long"=>""}, "commit"=>"Create Student"}
  [1m[36mUser Load (0.4ms)[0m  [1m[34mSELECT "users".* FROM "users" WHERE "users"."id" = $1 ORDER BY "users"."id" ASC LIMIT $2[0m  [["id", 1], ["LIMIT", 1]]
  [1m[36mTRANSACTION (0.3ms)[0m  [1m[35mBEGIN[0m
  [1m[36mStudent Exists? (0.4ms)[0m  [1m[34mSELECT 1 AS one FROM "students" WHERE "students"."email" = $1 LIMIT $2[0m  [["email", "tushar11@gmail.com"], ["LIMIT", 1]]
  [1m[36mTRANSACTION (0.2ms)[0m  [1m[31mROLLBACK[0m
  Rendering layout layouts/application.html.haml
  Rendering students/new.html.haml within layouts/application
  [1m[36mParent Load (0.3ms)[0m  [1m[34mSELECT "parents".* FROM "parents"[0m
  Rendered students/_form.html.haml (Duration: 16.9ms | Allocations: 7548)
  Rendered students/new.html.haml within layouts/application (Duration: 17.3ms | Allocations: 7665)
  Rendered partials/_sidebar.html.haml (Duration: 0.7ms | Allocations: 498)
  Rendered partials/_topnav.html.haml (Duration: 0.2ms | Allocations: 94)
  Rendered layout layouts/application.html.haml (Duration: 37.3ms | Allocations: 18764)
Completed 200 OK in 250ms (Views: 37.8ms | ActiveRecord: 1.7ms | Allocations: 25308)


Started POST "/students" for ::1 at 2024-01-09 00:59:13 +0530
Processing by StudentsController#create as HTML
  Parameters: {"utf8"=>"✓", "authenticity_token"=>"n6bK12glINlhrIgjp6DddkTodHGYWJcK6Ztxjxdb+AMSYLDacPdXWLDkilxWbwW+9xu3o0Cu0Hzkmyex23blqg==", "student"=>{"image_cache"=>"1704742145-86756494010972-0001-3318/Screenshot_from_2023-10-09_19-17-01.png", "name"=>"Tushar", "email"=>"tushar11@gmail.com", "password"=>"[FILTERED]", "dob(1i)"=>"2024", "dob(2i)"=>"1", "dob(3i)"=>"8", "phone"=>"08765566543'postgres'", "gender"=>"Male", "address"=>"sanwer\r\nsanwer", "lat"=>"", "long"=>""}, "commit"=>"Create Student"}
  [1m[36mUser Load (0.5ms)[0m  [1m[34mSELECT "users".* FROM "users" WHERE "users"."id" = $1 ORDER BY "users"."id" ASC LIMIT $2[0m  [["id", 1], ["LIMIT", 1]]
  [1m[36mTRANSACTION (0.2ms)[0m  [1m[35mBEGIN[0m
  [1m[36mStudent Exists? (0.5ms)[0m  [1m[34mSELECT 1 AS one FROM "students" WHERE "students"."email" = $1 LIMIT $2[0m  [["email", "tushar11@gmail.com"], ["LIMIT", 1]]
  [1m[36mTRANSACTION (0.4ms)[0m  [1m[31mROLLBACK[0m
  Rendering layout layouts/application.html.haml
  Rendering students/new.html.haml within layouts/application
  [1m[36mParent Load (0.5ms)[0m  [1m[34mSELECT "parents".* FROM "parents"[0m
  Rendered students/_form.html.haml (Duration: 12.5ms | Allocations: 7274)
  Rendered students/new.html.haml within layouts/application (Duration: 13.0ms | Allocations: 7381)
  Rendered partials/_sidebar.html.haml (Duration: 1.0ms | Allocations: 469)
  Rendered partials/_topnav.html.haml (Duration: 0.3ms | Allocations: 86)
  Rendered layout layouts/application.html.haml (Duration: 34.4ms | Allocations: 18327)
Completed 200 OK in 236ms (Views: 34.5ms | ActiveRecord: 2.1ms | Allocations: 20809)


Started GET "/parents" for ::1 at 2024-01-09 00:59:31 +0530
Processing by ParentsController#index as HTML
  [1m[36mUser Load (0.6ms)[0m  [1m[34mSELECT "users".* FROM "users" WHERE "users"."id" = $1 ORDER BY "users"."id" ASC LIMIT $2[0m  [["id", 1], ["LIMIT", 1]]
  Rendering layout layouts/application.html.haml
  Rendering parents/index.html.haml within layouts/application
  [1m[36mParent Load (0.5ms)[0m  [1m[34mSELECT "parents".* FROM "parents"[0m
  Rendered parents/index.html.haml within layouts/application (Duration: 30.1ms | Allocations: 9783)
  Rendered partials/_sidebar.html.haml (Duration: 0.8ms | Allocations: 528)
  Rendered partials/_topnav.html.haml (Duration: 0.2ms | Allocations: 100)
  Rendered layout layouts/application.html.haml (Duration: 54.7ms | Allocations: 21295)
Completed 200 OK in 69ms (Views: 59.6ms | ActiveRecord: 1.1ms | Allocations: 22945)


Started GET "/parents/new" for ::1 at 2024-01-09 00:59:33 +0530
Processing by ParentsController#new as HTML
  [1m[36mUser Load (1.6ms)[0m  [1m[34mSELECT "users".* FROM "users" WHERE "users"."id" = $1 ORDER BY "users"."id" ASC LIMIT $2[0m  [["id", 1], ["LIMIT", 1]]
  Rendering layout layouts/application.html.haml
  Rendering parents/new.html.haml within layouts/application
  Rendered parents/_form.html.haml (Duration: 25.5ms | Allocations: 17116)
  Rendered parents/new.html.haml within layouts/application (Duration: 30.5ms | Allocations: 21639)
  Rendered partials/_sidebar.html.haml (Duration: 0.7ms | Allocations: 469)
  Rendered partials/_topnav.html.haml (Duration: 0.2ms | Allocations: 86)
  Rendered layout layouts/application.html.haml (Duration: 49.4ms | Allocations: 32497)
Completed 200 OK in 124ms (Views: 50.2ms | ActiveRecord: 13.7ms | Allocations: 42068)


Started POST "/parents" for ::1 at 2024-01-09 00:59:54 +0530
Processing by ParentsController#create as HTML
  Parameters: {"utf8"=>"✓", "authenticity_token"=>"PIl1CdM1qqu+Pct0J5mfhZ4ow7nX14c7Xazc+EJJUJaxTw8Ey+fdKm91yQvWVkdNLdsAaw8hwE1QrIrGjmRNPw==", "parent"=>{"image"=>#<ActionDispatch::Http::UploadedFile:0x00007fdecd448870 @tempfile=#<Tempfile:/tmp/RackMultipart20240109-103105-ovev0f.png>, @original_filename="Screenshot from 2023-10-08 19-33-11.png", @content_type="image/png", @headers="Content-Disposition: form-data; name=\"parent[image]\"; filename=\"Screenshot from 2023-10-08 19-33-11.png\"\r\nContent-Type: image/png\r\n">, "image_cache"=>"", "name"=>"est", "email"=>"tushar11@gmail.com", "password"=>"[FILTERED]", "dob(1i)"=>"2024", "dob(2i)"=>"1", "dob(3i)"=>"8", "phone"=>"09893805106", "gender"=>"Male", "address"=>"sanwer\r\nsanwer", "lat"=>"", "long"=>""}, "commit"=>"Create Parent"}
  [1m[36mUser Load (0.3ms)[0m  [1m[34mSELECT "users".* FROM "users" WHERE "users"."id" = $1 ORDER BY "users"."id" ASC LIMIT $2[0m  [["id", 1], ["LIMIT", 1]]
  [1m[36mTRANSACTION (0.2ms)[0m  [1m[35mBEGIN[0m
  [1m[36mParent Exists? (0.4ms)[0m  [1m[34mSELECT 1 AS one FROM "parents" WHERE "parents"."email" = $1 LIMIT $2[0m  [["email", "tushar11@gmail.com"], ["LIMIT", 1]]
  [1m[36mParent Create (0.8ms)[0m  [1m[32mINSERT INTO "parents" ("email", "encrypted_password", "name", "dob", "phone", "address", "created_at", "updated_at", "gender", "image") VALUES ($1, $2, $3, $4, $5, $6, $7, $8, $9, $10) RETURNING "id"[0m  [["email", "tushar11@gmail.com"], ["encrypted_password", "$2a$11$/CQrDb6rBcIHg0YnFf4yCuAPC3ShCGsf3G/DVCP6ggMCOxYSb4gEa"], ["name", "est"], ["dob", "2024-01-08"], ["phone", "09893805106"], ["address", "sanwer\r\nsanwer"], ["created_at", "2024-01-08 19:29:54.384528"], ["updated_at", "2024-01-08 19:29:54.384528"], ["gender", "Male"], ["image", "Screenshot_from_2023-10-08_19-33-11.png"]]
  [1m[36mTRANSACTION (0.8ms)[0m  [1m[35mCOMMIT[0m
Redirected to http://localhost:3000/parents/1
Completed 302 Found in 208ms (ActiveRecord: 2.5ms | Allocations: 3712)


Started GET "/parents/1" for ::1 at 2024-01-09 00:59:54 +0530
Processing by ParentsController#show as HTML
  Parameters: {"id"=>"1"}
  [1m[36mUser Load (0.2ms)[0m  [1m[34mSELECT "users".* FROM "users" WHERE "users"."id" = $1 ORDER BY "users"."id" ASC LIMIT $2[0m  [["id", 1], ["LIMIT", 1]]
  [1m[36mParent Load (0.5ms)[0m  [1m[34mSELECT "parents".* FROM "parents" WHERE "parents"."id" = $1 LIMIT $2[0m  [["id", 1], ["LIMIT", 1]]
  Rendering layout layouts/application.html.haml
  Rendering parents/show.html.haml within layouts/application
  Rendered parents/show.html.haml within layouts/application (Duration: 16.8ms | Allocations: 15826)
  Rendered layout layouts/application.html.haml (Duration: 17.2ms | Allocations: 15898)
Completed 500 Internal Server Error in 23ms (ActiveRecord: 0.7ms | Allocations: 17276)


  
ActionView::Template::Error (Can't resolve image into URL: undefined method `to_model' for #<ImageUploader:0x00007fdecdf7de48 @model=#<Parent id: 1, email: "tushar11@gmail.com", name: "est", dob: "2024-01-08", phone: "09893805106", address: "sanwer\r\nsanwer", lat: nil, long: nil, last_login_ip: "127.0.0.1", created_at: "2024-01-08 19:29:54.384528000 +0000", updated_at: "2024-01-08 19:29:54.384528000 +0000", gender: "Male", image: "Screenshot_from_2023-10-08_19-33-11.png">, @mounted_as=:image, @staged=false, @file=#<CarrierWave::SanitizedFile:0x00007fdecdf7d970 @file="/home/tushar/smyroid-full_stack-2/School-Management-System/public/uploads/parent/image/1/Screenshot_from_2023-10-08_19-33-11.png", @original_filename=nil, @declared_content_type=nil, @content_type=nil, @content=nil>, @filename=nil, @cache_id=nil, @identifier="Screenshot_from_2023-10-08_19-33-11.png", @deduplication_index=nil, @versions={}, @storage=#<CarrierWave::Storage::File:0x00007fdecdf7dd30 @uploader=#<ImageUploader:0x00007fdecdf7de48 ...>, @cache_called=nil>>
Did you mean?  to_xml):
    13:           %table.table
    14:             %tr
    15:               %th Image
    16:               %td= image_tag @parent.image, size: '150x150'
    17:             %tr
    18:               %th Name
    19:               %td= @parent.name
  
app/views/parents/show.html.haml:16
Started GET "/parents" for ::1 at 2024-01-09 00:59:59 +0530
Processing by ParentsController#index as HTML
  [1m[36mUser Load (1.1ms)[0m  [1m[34mSELECT "users".* FROM "users" WHERE "users"."id" = $1 ORDER BY "users"."id" ASC LIMIT $2[0m  [["id", 1], ["LIMIT", 1]]
  Rendering layout layouts/application.html.haml
  Rendering parents/index.html.haml within layouts/application
  [1m[36mParent Load (1.5ms)[0m  [1m[34mSELECT "parents".* FROM "parents"[0m
  Rendered parents/index.html.haml within layouts/application (Duration: 3.8ms | Allocations: 476)
  Rendered partials/_sidebar.html.haml (Duration: 0.8ms | Allocations: 486)
  Rendered partials/_topnav.html.haml (Duration: 0.2ms | Allocations: 93)
  Rendered layout layouts/application.html.haml (Duration: 40.7ms | Allocations: 11853)
Completed 200 OK in 47ms (Views: 40.2ms | ActiveRecord: 2.6ms | Allocations: 13048)


Started GET "/exams" for ::1 at 2024-01-09 01:00:05 +0530
Processing by ExamsController#index as HTML
  [1m[36mUser Load (1.1ms)[0m  [1m[34mSELECT "users".* FROM "users" WHERE "users"."id" = $1 ORDER BY "users"."id" ASC LIMIT $2[0m  [["id", 1], ["LIMIT", 1]]
  Rendering layout layouts/application.html.haml
  Rendering exams/index.html.haml within layouts/application
  [1m[36mExam Load (0.7ms)[0m  [1m[34mSELECT "exams".* FROM "exams"[0m
  Rendered exams/index.html.haml within layouts/application (Duration: 28.4ms | Allocations: 9729)
  Rendered partials/_sidebar.html.haml (Duration: 0.9ms | Allocations: 528)
  Rendered partials/_topnav.html.haml (Duration: 0.4ms | Allocations: 100)
  Rendered layout layouts/application.html.haml (Duration: 54.1ms | Allocations: 21240)
Completed 200 OK in 84ms (Views: 57.9ms | ActiveRecord: 4.1ms | Allocations: 23702)


Started GET "/exam_categories" for ::1 at 2024-01-09 01:00:07 +0530
Processing by ExamCategoriesController#index as HTML
  [1m[36mUser Load (0.8ms)[0m  [1m[34mSELECT "users".* FROM "users" WHERE "users"."id" = $1 ORDER BY "users"."id" ASC LIMIT $2[0m  [["id", 1], ["LIMIT", 1]]
  Rendering layout layouts/application.html.haml
  Rendering exam_categories/index.html.haml within layouts/application
  [1m[36mExamCategory Load (1.0ms)[0m  [1m[34mSELECT "exam_categories".* FROM "exam_categories"[0m
  Rendered exam_categories/index.html.haml within layouts/application (Duration: 25.8ms | Allocations: 8774)
  Rendered partials/_sidebar.html.haml (Duration: 1.3ms | Allocations: 528)
  Rendered partials/_topnav.html.haml (Duration: 0.3ms | Allocations: 100)
  Rendered layout layouts/application.html.haml (Duration: 47.8ms | Allocations: 20025)
Completed 200 OK in 84ms (Views: 53.5ms | ActiveRecord: 1.9ms | Allocations: 22850)


Started GET "/grades" for ::1 at 2024-01-09 01:00:09 +0530
Processing by GradesController#index as HTML
  [1m[36mUser Load (1.0ms)[0m  [1m[34mSELECT "users".* FROM "users" WHERE "users"."id" = $1 ORDER BY "users"."id" ASC LIMIT $2[0m  [["id", 1], ["LIMIT", 1]]
  Rendering layout layouts/application.html.haml
  Rendering grades/index.html.haml within layouts/application
  [1m[36mGrade Load (0.7ms)[0m  [1m[34mSELECT "grades".* FROM "grades"[0m
  Rendered grades/index.html.haml within layouts/application (Duration: 23.6ms | Allocations: 8757)
  Rendered partials/_sidebar.html.haml (Duration: 2.1ms | Allocations: 528)
  Rendered partials/_topnav.html.haml (Duration: 0.7ms | Allocations: 100)
  Rendered layout layouts/application.html.haml (Duration: 51.4ms | Allocations: 20001)
Completed 200 OK in 92ms (Views: 58.0ms | ActiveRecord: 1.8ms | Allocations: 22800)


Started GET "/classrooms" for ::1 at 2024-01-09 01:00:10 +0530
Processing by ClassroomsController#index as HTML
  [1m[36mUser Load (0.5ms)[0m  [1m[34mSELECT "users".* FROM "users" WHERE "users"."id" = $1 ORDER BY "users"."id" ASC LIMIT $2[0m  [["id", 1], ["LIMIT", 1]]
  Rendering layout layouts/application.html.haml
  Rendering classrooms/index.html.haml within layouts/application
  [1m[36mClassroom Load (0.8ms)[0m  [1m[34mSELECT "classrooms".* FROM "classrooms"[0m
  Rendered classrooms/index.html.haml within layouts/application (Duration: 15.0ms | Allocations: 10885)
  Rendered partials/_sidebar.html.haml (Duration: 0.9ms | Allocations: 528)
  Rendered partials/_topnav.html.haml (Duration: 0.5ms | Allocations: 100)
  Rendered layout layouts/application.html.haml (Duration: 38.0ms | Allocations: 22129)
Completed 200 OK in 52ms (Views: 39.8ms | ActiveRecord: 1.3ms | Allocations: 24770)


Started GET "/courses" for ::1 at 2024-01-09 01:00:12 +0530
Processing by CoursesController#index as HTML
  [1m[36mUser Load (0.9ms)[0m  [1m[34mSELECT "users".* FROM "users" WHERE "users"."id" = $1 ORDER BY "users"."id" ASC LIMIT $2[0m  [["id", 1], ["LIMIT", 1]]
  Rendering layout layouts/application.html.haml
  Rendering courses/index.html.haml within layouts/application
  [1m[36mCourse Load (0.7ms)[0m  [1m[34mSELECT "courses".* FROM "courses"[0m
  Rendered courses/index.html.haml within layouts/application (Duration: 22.1ms | Allocations: 9309)
  Rendered partials/_sidebar.html.haml (Duration: 1.1ms | Allocations: 528)
  Rendered partials/_topnav.html.haml (Duration: 0.3ms | Allocations: 100)
  Rendered layout layouts/application.html.haml (Duration: 43.9ms | Allocations: 20553)
Completed 200 OK in 74ms (Views: 48.3ms | ActiveRecord: 1.6ms | Allocations: 23012)


Started GET "/parents" for ::1 at 2024-01-09 01:00:13 +0530
Processing by ParentsController#index as HTML
  [1m[36mUser Load (1.2ms)[0m  [1m[34mSELECT "users".* FROM "users" WHERE "users"."id" = $1 ORDER BY "users"."id" ASC LIMIT $2[0m  [["id", 1], ["LIMIT", 1]]
  Rendering layout layouts/application.html.haml
  Rendering parents/index.html.haml within layouts/application
  [1m[36mParent Load (1.5ms)[0m  [1m[34mSELECT "parents".* FROM "parents"[0m
  Rendered parents/index.html.haml within layouts/application (Duration: 7.7ms | Allocations: 420)
  Rendered partials/_sidebar.html.haml (Duration: 0.8ms | Allocations: 470)
  Rendered partials/_topnav.html.haml (Duration: 0.3ms | Allocations: 86)
  Rendered layout layouts/application.html.haml (Duration: 51.5ms | Allocations: 11384)
Completed 200 OK in 66ms (Views: 51.7ms | ActiveRecord: 2.7ms | Allocations: 12510)


Started GET "/teachers" for ::1 at 2024-01-09 01:00:14 +0530
Processing by TeachersController#index as HTML
  [1m[36mUser Load (1.0ms)[0m  [1m[34mSELECT "users".* FROM "users" WHERE "users"."id" = $1 ORDER BY "users"."id" ASC LIMIT $2[0m  [["id", 1], ["LIMIT", 1]]
  Rendering layout layouts/application.html.haml
  Rendering teachers/index.html.haml within layouts/application
  [1m[36mTeacher Load (1.1ms)[0m  [1m[34mSELECT "teachers".* FROM "teachers"[0m
  Rendered teachers/index.html.haml within layouts/application (Duration: 44.0ms | Allocations: 11081)
  Rendered partials/_sidebar.html.haml (Duration: 0.8ms | Allocations: 528)
  Rendered partials/_topnav.html.haml (Duration: 0.4ms | Allocations: 100)
  Rendered layout layouts/application.html.haml (Duration: 72.3ms | Allocations: 22591)
Completed 200 OK in 95ms (Views: 74.3ms | ActiveRecord: 5.0ms | Allocations: 24367)


Started GET "/students" for ::1 at 2024-01-09 01:00:15 +0530
Processing by StudentsController#index as HTML
  [1m[36mUser Load (1.1ms)[0m  [1m[34mSELECT "users".* FROM "users" WHERE "users"."id" = $1 ORDER BY "users"."id" ASC LIMIT $2[0m  [["id", 1], ["LIMIT", 1]]
  Rendering layout layouts/application.html.haml
  Rendering students/index.html.haml within layouts/application
  [1m[36mStudent Load (1.5ms)[0m  [1m[34mSELECT "students".* FROM "students"[0m
  Rendered students/index.html.haml within layouts/application (Duration: 5.8ms | Allocations: 205)
  Rendered partials/_sidebar.html.haml (Duration: 1.7ms | Allocations: 470)
  Rendered partials/_topnav.html.haml (Duration: 0.2ms | Allocations: 86)
  Rendered layout layouts/application.html.haml (Duration: 69.7ms | Allocations: 11345)
Completed 200 OK in 86ms (Views: 70.6ms | ActiveRecord: 2.6ms | Allocations: 12461)


Started GET "/students/new" for ::1 at 2024-01-09 01:00:17 +0530
Processing by StudentsController#new as HTML
  [1m[36mUser Load (3.8ms)[0m  [1m[34mSELECT "users".* FROM "users" WHERE "users"."id" = $1 ORDER BY "users"."id" ASC LIMIT $2[0m  [["id", 1], ["LIMIT", 1]]
  Rendering layout layouts/application.html.haml
  Rendering students/new.html.haml within layouts/application
  [1m[36mParent Load (1.9ms)[0m  [1m[34mSELECT "parents".* FROM "parents"[0m
  Rendered students/_form.html.haml (Duration: 50.6ms | Allocations: 7972)
  Rendered students/new.html.haml within layouts/application (Duration: 51.5ms | Allocations: 8081)
  Rendered partials/_sidebar.html.haml (Duration: 1.0ms | Allocations: 469)
  Rendered partials/_topnav.html.haml (Duration: 0.3ms | Allocations: 86)
  Rendered layout layouts/application.html.haml (Duration: 73.5ms | Allocations: 19179)
Completed 200 OK in 95ms (Views: 76.1ms | ActiveRecord: 5.7ms | Allocations: 20200)


Started POST "/students" for ::1 at 2024-01-09 01:00:31 +0530
Processing by StudentsController#create as HTML
  Parameters: {"utf8"=>"✓", "authenticity_token"=>"J2o5eubQS9R2616XqwsDjI6cS/hVRpggtxJnL1IPqaaqrEN3/gI8VaejXOhaxNtEPW+IKo2w31a6EjERniK0Dw==", "student"=>{"image"=>#<ActionDispatch::Http::UploadedFile:0x000055e6b728c820 @tempfile=#<Tempfile:/tmp/RackMultipart20240109-103105-zzsm6o.png>, @original_filename="Screenshot from 2023-10-27 20-09-45.png", @content_type="image/png", @headers="Content-Disposition: form-data; name=\"student[image]\"; filename=\"Screenshot from 2023-10-27 20-09-45.png\"\r\nContent-Type: image/png\r\n">, "image_cache"=>"", "name"=>"Ajay jaitwal", "parent_id"=>"1", "email"=>"tushar11@gmail.com", "password"=>"[FILTERED]", "dob(1i)"=>"2024", "dob(2i)"=>"1", "dob(3i)"=>"8", "phone"=>"09893805106", "gender"=>"Male", "address"=>"sanwer\r\nsanwer", "lat"=>"", "long"=>""}, "commit"=>"Create Student"}
  [1m[36mUser Load (0.4ms)[0m  [1m[34mSELECT "users".* FROM "users" WHERE "users"."id" = $1 ORDER BY "users"."id" ASC LIMIT $2[0m  [["id", 1], ["LIMIT", 1]]
  [1m[36mTRANSACTION (0.2ms)[0m  [1m[35mBEGIN[0m
  [1m[36mParent Load (0.4ms)[0m  [1m[34mSELECT "parents".* FROM "parents" WHERE "parents"."id" = $1 LIMIT $2[0m  [["id", 1], ["LIMIT", 1]]
  [1m[36mStudent Exists? (0.5ms)[0m  [1m[34mSELECT 1 AS one FROM "students" WHERE "students"."email" = $1 LIMIT $2[0m  [["email", "tushar11@gmail.com"], ["LIMIT", 1]]
  [1m[36mStudent Create (0.9ms)[0m  [1m[32mINSERT INTO "students" ("email", "encrypted_password", "name", "dob", "phone", "address", "parent_id", "created_at", "updated_at", "gender", "image") VALUES ($1, $2, $3, $4, $5, $6, $7, $8, $9, $10, $11) RETURNING "id"[0m  [["email", "tushar11@gmail.com"], ["encrypted_password", "$2a$11$PPjrK4WQv8XSzIwdwfBWJO95bOdW6r8yo8/yHQFcrHLnWTtVtwGPO"], ["name", "Ajay jaitwal"], ["dob", "2024-01-08"], ["phone", "09893805106"], ["address", "sanwer\r\nsanwer"], ["parent_id", 1], ["created_at", "2024-01-08 19:30:31.568290"], ["updated_at", "2024-01-08 19:30:31.568290"], ["gender", "Male"], ["image", "Screenshot_from_2023-10-27_20-09-45.png"]]
  [1m[36mTRANSACTION (1.2ms)[0m  [1m[35mCOMMIT[0m
Redirected to http://localhost:3000/students/1
Completed 302 Found in 211ms (ActiveRecord: 3.6ms | Allocations: 4773)


Started GET "/students/1" for ::1 at 2024-01-09 01:00:31 +0530
Processing by StudentsController#show as HTML
  Parameters: {"id"=>"1"}
  [1m[36mUser Load (0.2ms)[0m  [1m[34mSELECT "users".* FROM "users" WHERE "users"."id" = $1 ORDER BY "users"."id" ASC LIMIT $2[0m  [["id", 1], ["LIMIT", 1]]
  [1m[36mStudent Load (0.4ms)[0m  [1m[34mSELECT "students".* FROM "students" WHERE "students"."id" = $1 LIMIT $2[0m  [["id", 1], ["LIMIT", 1]]
  Rendering layout layouts/application.html.haml
  Rendering students/show.html.haml within layouts/application
  Rendered students/show.html.haml within layouts/application (Duration: 21.0ms | Allocations: 16691)
  Rendered layout layouts/application.html.haml (Duration: 21.3ms | Allocations: 16764)
Completed 500 Internal Server Error in 27ms (ActiveRecord: 0.6ms | Allocations: 18263)


  
ActionView::Template::Error (Can't resolve image into URL: undefined method `to_model' for #<StudentUploader:0x00007fdecd7d5560 @model=#<Student id: 1, email: "tushar11@gmail.com", name: "Ajay jaitwal", dob: "2024-01-08", phone: "09893805106", address: "sanwer\r\nsanwer", lat: nil, long: nil, last_login_ip: nil, parent_id: 1, created_at: "2024-01-08 19:30:31.568290000 +0000", updated_at: "2024-01-08 19:30:31.568290000 +0000", gender: "Male", image: "Screenshot_from_2023-10-27_20-09-45.png">, @mounted_as=:image, @staged=false, @file=#<CarrierWave::SanitizedFile:0x00007fdecd7d50b0 @file="/home/tushar/smyroid-full_stack-2/School-Management-System/public/uploads/student/image/1/Screenshot_from_2023-10-27_20-09-45.png", @original_filename=nil, @declared_content_type=nil, @content_type=nil, @content=nil>, @filename=nil, @cache_id=nil, @identifier="Screenshot_from_2023-10-27_20-09-45.png", @deduplication_index=nil, @versions={}, @storage=#<CarrierWave::Storage::File:0x00007fdecd7d5470 @uploader=#<StudentUploader:0x00007fdecd7d5560 ...>, @cache_called=nil>>
Did you mean?  to_xml):
    13:           %table.table
    14:             %tr
    15:               %th Image
    16:               %td= image_tag @student.image, size: '150x150'
    17:             %tr
    18:               %th Name
    19:               %td= @student.name
  
app/views/students/show.html.haml:16
Started GET "/students" for ::1 at 2024-01-09 01:00:38 +0530
Processing by StudentsController#index as HTML
  [1m[36mUser Load (0.9ms)[0m  [1m[34mSELECT "users".* FROM "users" WHERE "users"."id" = $1 ORDER BY "users"."id" ASC LIMIT $2[0m  [["id", 1], ["LIMIT", 1]]
  Rendering layout layouts/application.html.haml
  Rendering students/index.html.haml within layouts/application
  [1m[36mStudent Load (1.6ms)[0m  [1m[34mSELECT "students".* FROM "students"[0m
  Rendered students/index.html.haml within layouts/application (Duration: 11.1ms | Allocations: 460)
  Rendered partials/_sidebar.html.haml (Duration: 1.7ms | Allocations: 482)
  Rendered partials/_topnav.html.haml (Duration: 0.3ms | Allocations: 93)
  Rendered layout layouts/application.html.haml (Duration: 71.6ms | Allocations: 11831)
Completed 200 OK in 88ms (Views: 72.8ms | ActiveRecord: 2.4ms | Allocations: 12817)


Started GET "/students/1/edit" for ::1 at 2024-01-09 01:00:41 +0530
Processing by StudentsController#edit as HTML
  Parameters: {"id"=>"1"}
  [1m[36mUser Load (1.2ms)[0m  [1m[34mSELECT "users".* FROM "users" WHERE "users"."id" = $1 ORDER BY "users"."id" ASC LIMIT $2[0m  [["id", 1], ["LIMIT", 1]]
  [1m[36mStudent Load (5.2ms)[0m  [1m[34mSELECT "students".* FROM "students" WHERE "students"."id" = $1 LIMIT $2[0m  [["id", 1], ["LIMIT", 1]]
  Rendering layout layouts/application.html.haml
  Rendering students/edit.html.haml within layouts/application
  [1m[36mParent Load (0.6ms)[0m  [1m[34mSELECT "parents".* FROM "parents"[0m
  Rendered students/_form.html.haml (Duration: 22.5ms | Allocations: 7651)
  Rendered students/edit.html.haml within layouts/application (Duration: 43.1ms | Allocations: 12627)
  Rendered partials/_sidebar.html.haml (Duration: 1.8ms | Allocations: 469)
  Rendered partials/_topnav.html.haml (Duration: 2.3ms | Allocations: 86)
  Rendered layout layouts/application.html.haml (Duration: 73.2ms | Allocations: 23837)
Completed 200 OK in 117ms (Views: 75.1ms | ActiveRecord: 7.0ms | Allocations: 25097)


Started GET "/students/1" for ::1 at 2024-01-09 01:00:45 +0530
Processing by StudentsController#show as HTML
  Parameters: {"id"=>"1"}
  [1m[36mUser Load (1.7ms)[0m  [1m[34mSELECT "users".* FROM "users" WHERE "users"."id" = $1 ORDER BY "users"."id" ASC LIMIT $2[0m  [["id", 1], ["LIMIT", 1]]
  [1m[36mStudent Load (2.1ms)[0m  [1m[34mSELECT "students".* FROM "students" WHERE "students"."id" = $1 LIMIT $2[0m  [["id", 1], ["LIMIT", 1]]
  Rendering layout layouts/application.html.haml
  Rendering students/show.html.haml within layouts/application
  Rendered students/show.html.haml within layouts/application (Duration: 34.5ms | Allocations: 2540)
  Rendered layout layouts/application.html.haml (Duration: 35.7ms | Allocations: 2612)
Completed 500 Internal Server Error in 61ms (ActiveRecord: 3.7ms | Allocations: 3708)


  
ActionView::Template::Error (Can't resolve image into URL: undefined method `to_model' for #<StudentUploader:0x000055e6b6c34608 @model=#<Student id: 1, email: "tushar11@gmail.com", name: "Ajay jaitwal", dob: "2024-01-08", phone: "09893805106", address: "sanwer\r\nsanwer", lat: nil, long: nil, last_login_ip: nil, parent_id: 1, created_at: "2024-01-08 19:30:31.568290000 +0000", updated_at: "2024-01-08 19:30:31.568290000 +0000", gender: "Male", image: "Screenshot_from_2023-10-27_20-09-45.png">, @mounted_as=:image, @staged=false, @file=#<CarrierWave::SanitizedFile:0x000055e6b6c23ce0 @file="/home/tushar/smyroid-full_stack-2/School-Management-System/public/uploads/student/image/1/Screenshot_from_2023-10-27_20-09-45.png", @original_filename=nil, @declared_content_type=nil, @content_type=nil, @content=nil>, @filename=nil, @cache_id=nil, @identifier="Screenshot_from_2023-10-27_20-09-45.png", @deduplication_index=nil, @versions={}, @storage=#<CarrierWave::Storage::File:0x000055e6b6c34298 @uploader=#<StudentUploader:0x000055e6b6c34608 ...>, @cache_called=nil>>
Did you mean?  to_xml):
    13:           %table.table
    14:             %tr
    15:               %th Image
    16:               %td= image_tag @student.image, size: '150x150'
    17:             %tr
    18:               %th Name
    19:               %td= @student.name
  
app/views/students/show.html.haml:16
Started GET "/students/1" for ::1 at 2024-01-09 01:01:00 +0530
Processing by StudentsController#show as HTML
  Parameters: {"id"=>"1"}
  [1m[36mUser Load (1.4ms)[0m  [1m[34mSELECT "users".* FROM "users" WHERE "users"."id" = $1 ORDER BY "users"."id" ASC LIMIT $2[0m  [["id", 1], ["LIMIT", 1]]
  [1m[36mStudent Load (2.0ms)[0m  [1m[34mSELECT "students".* FROM "students" WHERE "students"."id" = $1 LIMIT $2[0m  [["id", 1], ["LIMIT", 1]]
  Rendering layout layouts/application.html.haml
  Rendering students/show.html.haml within layouts/application
  Rendered students/show.html.haml within layouts/application (Duration: 12.4ms | Allocations: 2541)
  Rendered layout layouts/application.html.haml (Duration: 13.5ms | Allocations: 2613)
Completed 500 Internal Server Error in 40ms (ActiveRecord: 3.5ms | Allocations: 3709)


  
ActionView::Template::Error (Can't resolve image into URL: undefined method `to_model' for #<StudentUploader:0x00007fdea00c2368 @model=#<Student id: 1, email: "tushar11@gmail.com", name: "Ajay jaitwal", dob: "2024-01-08", phone: "09893805106", address: "sanwer\r\nsanwer", lat: nil, long: nil, last_login_ip: nil, parent_id: 1, created_at: "2024-01-08 19:30:31.568290000 +0000", updated_at: "2024-01-08 19:30:31.568290000 +0000", gender: "Male", image: "Screenshot_from_2023-10-27_20-09-45.png">, @mounted_as=:image, @staged=false, @file=#<CarrierWave::SanitizedFile:0x00007fdea00c1f80 @file="/home/tushar/smyroid-full_stack-2/School-Management-System/public/uploads/student/image/1/Screenshot_from_2023-10-27_20-09-45.png", @original_filename=nil, @declared_content_type=nil, @content_type=nil, @content=nil>, @filename=nil, @cache_id=nil, @identifier="Screenshot_from_2023-10-27_20-09-45.png", @deduplication_index=nil, @versions={}, @storage=#<CarrierWave::Storage::File:0x00007fdea00c22a0 @uploader=#<StudentUploader:0x00007fdea00c2368 ...>, @cache_called=nil>>
Did you mean?  to_xml):
    13:           %table.table
    14:             %tr
    15:               %th Image
    16:               %td= image_tag @student.image, size: '150x150'
    17:             %tr
    18:               %th Name
    19:               %td= @student.name
  
app/views/students/show.html.haml:16
Started GET "/students/1" for ::1 at 2024-01-09 01:01:49 +0530
Processing by StudentsController#show as HTML
  Parameters: {"id"=>"1"}
  [1m[36mUser Load (1.3ms)[0m  [1m[34mSELECT "users".* FROM "users" WHERE "users"."id" = $1 ORDER BY "users"."id" ASC LIMIT $2[0m  [["id", 1], ["LIMIT", 1]]
  [1m[36mStudent Load (1.8ms)[0m  [1m[34mSELECT "students".* FROM "students" WHERE "students"."id" = $1 LIMIT $2[0m  [["id", 1], ["LIMIT", 1]]
  Rendering layout layouts/application.html.haml
  Rendering students/show.html.haml within layouts/application
  Rendered students/show.html.haml within layouts/application (Duration: 50.0ms | Allocations: 16744)
  Rendered layout layouts/application.html.haml (Duration: 51.0ms | Allocations: 16820)
Completed 500 Internal Server Error in 91ms (ActiveRecord: 3.1ms | Allocations: 18536)


  
ActionView::Template::Error (Can't resolve image into URL: undefined method `to_model' for #<StudentUploader:0x000055e6b7709b28 @model=#<Student id: 1, email: "tushar11@gmail.com", name: "Ajay jaitwal", dob: "2024-01-08", phone: "09893805106", address: "sanwer\r\nsanwer", lat: nil, long: nil, last_login_ip: nil, parent_id: 1, created_at: "2024-01-08 19:30:31.568290000 +0000", updated_at: "2024-01-08 19:30:31.568290000 +0000", gender: "Male", image: "Screenshot_from_2023-10-27_20-09-45.png">, @mounted_as=:image, @staged=false, @file=#<CarrierWave::SanitizedFile:0x000055e6b77086d8 @file="/home/tushar/smyroid-full_stack-2/School-Management-System/public/uploads/student/image/1/Screenshot_from_2023-10-27_20-09-45.png", @original_filename=nil, @declared_content_type=nil, @content_type=nil, @content=nil>, @filename=nil, @cache_id=nil, @identifier="Screenshot_from_2023-10-27_20-09-45.png", @deduplication_index=nil, @versions={}, @storage=#<CarrierWave::Storage::File:0x000055e6b7709830 @uploader=#<StudentUploader:0x000055e6b7709b28 ...>, @cache_called=nil>>
Did you mean?  to_xml):
    14:             %tr
    15:               %th Image
    16:               <%byebug%>
    17:               %td= image_tag @student.image, size: '150x150'
    18:             %tr
    19:               %th Name
    20:               %td= @student.name
  
app/views/students/show.html.haml:17
Started GET "/students/1" for ::1 at 2024-01-09 01:01:54 +0530
Processing by StudentsController#show as HTML
  Parameters: {"id"=>"1"}
  [1m[36mUser Load (0.5ms)[0m  [1m[34mSELECT "users".* FROM "users" WHERE "users"."id" = $1 ORDER BY "users"."id" ASC LIMIT $2[0m  [["id", 1], ["LIMIT", 1]]
  [1m[36mStudent Load (0.7ms)[0m  [1m[34mSELECT "students".* FROM "students" WHERE "students"."id" = $1 LIMIT $2[0m  [["id", 1], ["LIMIT", 1]]
  Rendering layout layouts/application.html.haml
  Rendering students/show.html.haml within layouts/application
  Rendered students/show.html.haml within layouts/application (Duration: 4.5ms | Allocations: 2540)
  Rendered layout layouts/application.html.haml (Duration: 5.2ms | Allocations: 2612)
Completed 500 Internal Server Error in 15ms (ActiveRecord: 1.2ms | Allocations: 3926)


  
ActionView::Template::Error (Can't resolve image into URL: undefined method `to_model' for #<StudentUploader:0x00007fded02284c0 @model=#<Student id: 1, email: "tushar11@gmail.com", name: "Ajay jaitwal", dob: "2024-01-08", phone: "09893805106", address: "sanwer\r\nsanwer", lat: nil, long: nil, last_login_ip: nil, parent_id: 1, created_at: "2024-01-08 19:30:31.568290000 +0000", updated_at: "2024-01-08 19:30:31.568290000 +0000", gender: "Male", image: "Screenshot_from_2023-10-27_20-09-45.png">, @mounted_as=:image, @staged=false, @file=#<CarrierWave::SanitizedFile:0x00007fded0223f88 @file="/home/tushar/smyroid-full_stack-2/School-Management-System/public/uploads/student/image/1/Screenshot_from_2023-10-27_20-09-45.png", @original_filename=nil, @declared_content_type=nil, @content_type=nil, @content=nil>, @filename=nil, @cache_id=nil, @identifier="Screenshot_from_2023-10-27_20-09-45.png", @deduplication_index=nil, @versions={}, @storage=#<CarrierWave::Storage::File:0x00007fded02283f8 @uploader=#<StudentUploader:0x00007fded02284c0 ...>, @cache_called=nil>>
Did you mean?  to_xml):
    14:             %tr
    15:               %th Image
    16:               <%byebug%>
    17:               %td= image_tag @student.image, size: '150x150'
    18:             %tr
    19:               %th Name
    20:               %td= @student.name
  
app/views/students/show.html.haml:17
Started GET "/students/1" for ::1 at 2024-01-09 01:02:07 +0530
Processing by StudentsController#show as HTML
  Parameters: {"id"=>"1"}
  [1m[36mUser Load (0.5ms)[0m  [1m[34mSELECT "users".* FROM "users" WHERE "users"."id" = $1 ORDER BY "users"."id" ASC LIMIT $2[0m  [["id", 1], ["LIMIT", 1]]
  [1m[36mStudent Load (0.4ms)[0m  [1m[34mSELECT "students".* FROM "students" WHERE "students"."id" = $1 LIMIT $2[0m  [["id", 1], ["LIMIT", 1]]
  Rendering layout layouts/application.html.haml
  Rendering students/show.html.haml within layouts/application
  Rendered students/show.html.haml within layouts/application (Duration: 24.5ms | Allocations: 16743)
  Rendered layout layouts/application.html.haml (Duration: 24.9ms | Allocations: 16819)
Completed 500 Internal Server Error in 38ms (ActiveRecord: 0.9ms | Allocations: 18534)


  
ActionView::Template::Error (Can't resolve image into URL: undefined method `to_model' for #<StudentUploader:0x00007fdecd5542c8 @model=#<Student id: 1, email: "tushar11@gmail.com", name: "Ajay jaitwal", dob: "2024-01-08", phone: "09893805106", address: "sanwer\r\nsanwer", lat: nil, long: nil, last_login_ip: nil, parent_id: 1, created_at: "2024-01-08 19:30:31.568290000 +0000", updated_at: "2024-01-08 19:30:31.568290000 +0000", gender: "Male", image: "Screenshot_from_2023-10-27_20-09-45.png">, @mounted_as=:image, @staged=false, @file=#<CarrierWave::SanitizedFile:0x00007fdecd587d80 @file="/home/tushar/smyroid-full_stack-2/School-Management-System/public/uploads/student/image/1/Screenshot_from_2023-10-27_20-09-45.png", @original_filename=nil, @declared_content_type=nil, @content_type=nil, @content=nil>, @filename=nil, @cache_id=nil, @identifier="Screenshot_from_2023-10-27_20-09-45.png", @deduplication_index=nil, @versions={}, @storage=#<CarrierWave::Storage::File:0x00007fdecd5541d8 @uploader=#<StudentUploader:0x00007fdecd5542c8 ...>, @cache_called=nil>>
Did you mean?  to_xml):
    14:             %tr
    15:               %th Image
    16:               <%debug%>
    17:               %td= image_tag @student.image, size: '150x150'
    18:             %tr
    19:               %th Name
    20:               %td= @student.name
  
app/views/students/show.html.haml:17
Started GET "/students/1" for ::1 at 2024-01-09 01:02:18 +0530
  [1m[35m (0.8ms)[0m  [1m[34mSELECT "schema_migrations"."version" FROM "schema_migrations" ORDER BY "schema_migrations"."version" ASC[0m
Processing by StudentsController#show as HTML
  Parameters: {"id"=>"1"}
  [1m[36mUser Load (0.7ms)[0m  [1m[34mSELECT "users".* FROM "users" WHERE "users"."id" = $1 ORDER BY "users"."id" ASC LIMIT $2[0m  [["id", 1], ["LIMIT", 1]]
  [1m[36mStudent Load (0.7ms)[0m  [1m[34mSELECT "students".* FROM "students" WHERE "students"."id" = $1 LIMIT $2[0m  [["id", 1], ["LIMIT", 1]]
  Rendering layout layouts/application.html.haml
  Rendering students/show.html.haml within layouts/application
  Rendered students/show.html.haml within layouts/application (Duration: 40.5ms | Allocations: 22978)
  Rendered layout layouts/application.html.haml (Duration: 40.9ms | Allocations: 23074)
Completed 500 Internal Server Error in 121ms (ActiveRecord: 10.9ms | Allocations: 48378)


  
ActionView::Template::Error (Can't resolve image into URL: undefined method `to_model' for #<StudentUploader:0x0000564468971000 @model=#<Student id: 1, email: "tushar11@gmail.com", name: "Ajay jaitwal", dob: "2024-01-08", phone: "09893805106", address: "sanwer\r\nsanwer", lat: nil, long: nil, last_login_ip: nil, parent_id: 1, created_at: "2024-01-08 19:30:31.568290000 +0000", updated_at: "2024-01-08 19:30:31.568290000 +0000", gender: "Male", image: "Screenshot_from_2023-10-27_20-09-45.png">, @mounted_as=:image, @staged=false, @file=#<CarrierWave::SanitizedFile:0x000056446895f5f8 @file="/home/tushar/smyroid-full_stack-2/School-Management-System/public/uploads/student/image/1/Screenshot_from_2023-10-27_20-09-45.png", @original_filename=nil, @declared_content_type=nil, @content_type=nil, @content=nil>, @filename=nil, @cache_id=nil, @identifier="Screenshot_from_2023-10-27_20-09-45.png", @deduplication_index=nil, @versions={}, @storage=#<CarrierWave::Storage::File:0x00005644689706a0 @uploader=#<StudentUploader:0x0000564468971000 ...>, @cache_called=nil>>
Did you mean?  to_xml):
    14:             %tr
    15:               %th Image
    16:               <%debug%>
    17:               %td= image_tag @student.image, size: '150x150'
    18:             %tr
    19:               %th Name
    20:               %td= @student.name
  
app/views/students/show.html.haml:17
Started GET "/students/1" for ::1 at 2024-01-09 01:02:34 +0530
Processing by StudentsController#show as HTML
  Parameters: {"id"=>"1"}
  [1m[36mUser Load (0.6ms)[0m  [1m[34mSELECT "users".* FROM "users" WHERE "users"."id" = $1 ORDER BY "users"."id" ASC LIMIT $2[0m  [["id", 1], ["LIMIT", 1]]
  [1m[36mStudent Load (0.6ms)[0m  [1m[34mSELECT "students".* FROM "students" WHERE "students"."id" = $1 LIMIT $2[0m  [["id", 1], ["LIMIT", 1]]
  Rendering layout layouts/application.html.haml
  Rendering students/show.html.haml within layouts/application
  Rendered students/show.html.haml within layouts/application (Duration: 22.9ms | Allocations: 16744)
  Rendered layout layouts/application.html.haml (Duration: 23.2ms | Allocations: 16821)
Completed 500 Internal Server Error in 35ms (ActiveRecord: 1.2ms | Allocations: 18785)


  
ActionView::Template::Error (Can't resolve image into URL: undefined method `to_model' for #<StudentUploader:0x0000564468c07648 @model=#<Student id: 1, email: "tushar11@gmail.com", name: "Ajay jaitwal", dob: "2024-01-08", phone: "09893805106", address: "sanwer\r\nsanwer", lat: nil, long: nil, last_login_ip: nil, parent_id: 1, created_at: "2024-01-08 19:30:31.568290000 +0000", updated_at: "2024-01-08 19:30:31.568290000 +0000", gender: "Male", image: "Screenshot_from_2023-10-27_20-09-45.png">, @mounted_as=:image, @staged=false, @file=#<CarrierWave::SanitizedFile:0x0000564468c070d0 @file="/home/tushar/smyroid-full_stack-2/School-Management-System/public/uploads/student/image/1/Screenshot_from_2023-10-27_20-09-45.png", @original_filename=nil, @declared_content_type=nil, @content_type=nil, @content=nil>, @filename=nil, @cache_id=nil, @identifier="Screenshot_from_2023-10-27_20-09-45.png", @deduplication_index=nil, @versions={}, @storage=#<CarrierWave::Storage::File:0x0000564468c07558 @uploader=#<StudentUploader:0x0000564468c07648 ...>, @cache_called=nil>>
Did you mean?  to_xml):
    14:             %tr
    15:               %th Image
    16:               <%debuger%>
    17:               %td= image_tag @student.image, size: '150x150'
    18:             %tr
    19:               %th Name
    20:               %td= @student.name
  
app/views/students/show.html.haml:17
Started GET "/students/1" for ::1 at 2024-01-09 01:02:43 +0530
  [1m[35m (0.8ms)[0m  [1m[34mSELECT "schema_migrations"."version" FROM "schema_migrations" ORDER BY "schema_migrations"."version" ASC[0m
Processing by StudentsController#show as HTML
  Parameters: {"id"=>"1"}
  [1m[36mUser Load (0.5ms)[0m  [1m[34mSELECT "users".* FROM "users" WHERE "users"."id" = $1 ORDER BY "users"."id" ASC LIMIT $2[0m  [["id", 1], ["LIMIT", 1]]
  [1m[36mStudent Load (0.5ms)[0m  [1m[34mSELECT "students".* FROM "students" WHERE "students"."id" = $1 LIMIT $2[0m  [["id", 1], ["LIMIT", 1]]
  Rendering layout layouts/application.html.haml
  Rendering students/show.html.haml within layouts/application
  Rendered students/show.html.haml within layouts/application (Duration: 40.6ms | Allocations: 22978)
  Rendered layout layouts/application.html.haml (Duration: 41.0ms | Allocations: 23074)
Completed 500 Internal Server Error in 125ms (ActiveRecord: 10.3ms | Allocations: 48378)


  
ActionView::Template::Error (Can't resolve image into URL: undefined method `to_model' for #<StudentUploader:0x00005646dee51570 @model=#<Student id: 1, email: "tushar11@gmail.com", name: "Ajay jaitwal", dob: "2024-01-08", phone: "09893805106", address: "sanwer\r\nsanwer", lat: nil, long: nil, last_login_ip: nil, parent_id: 1, created_at: "2024-01-08 19:30:31.568290000 +0000", updated_at: "2024-01-08 19:30:31.568290000 +0000", gender: "Male", image: "Screenshot_from_2023-10-27_20-09-45.png">, @mounted_as=:image, @staged=false, @file=#<CarrierWave::SanitizedFile:0x00005646dee3f9b0 @file="/home/tushar/smyroid-full_stack-2/School-Management-System/public/uploads/student/image/1/Screenshot_from_2023-10-27_20-09-45.png", @original_filename=nil, @declared_content_type=nil, @content_type=nil, @content=nil>, @filename=nil, @cache_id=nil, @identifier="Screenshot_from_2023-10-27_20-09-45.png", @deduplication_index=nil, @versions={}, @storage=#<CarrierWave::Storage::File:0x00005646dee50c88 @uploader=#<StudentUploader:0x00005646dee51570 ...>, @cache_called=nil>>
Did you mean?  to_xml):
    14:             %tr
    15:               %th Image
    16:               <%debuger%>
    17:               %td= image_tag @student.image, size: '150x150'
    18:             %tr
    19:               %th Name
    20:               %td= @student.name
  
app/views/students/show.html.haml:17
Started GET "/students/1" for ::1 at 2024-01-09 01:03:32 +0530
Processing by StudentsController#show as HTML
  Parameters: {"id"=>"1"}
  [1m[36mUser Load (1.5ms)[0m  [1m[34mSELECT "users".* FROM "users" WHERE "users"."id" = $1 ORDER BY "users"."id" ASC LIMIT $2[0m  [["id", 1], ["LIMIT", 1]]
  [1m[36mStudent Load (1.9ms)[0m  [1m[34mSELECT "students".* FROM "students" WHERE "students"."id" = $1 LIMIT $2[0m  [["id", 1], ["LIMIT", 1]]
  Rendering layout layouts/application.html.haml
  Rendering students/show.html.haml within layouts/application
  Rendered students/show.html.haml within layouts/application (Duration: 51.4ms | Allocations: 16744)
  Rendered layout layouts/application.html.haml (Duration: 53.5ms | Allocations: 16821)
Completed 500 Internal Server Error in 89ms (ActiveRecord: 3.4ms | Allocations: 18785)


  
ActionView::Template::Error (Can't resolve image into URL: undefined method `to_model' for #<StudentUploader:0x00005646df31f7a0 @model=#<Student id: 1, email: "tushar11@gmail.com", name: "Ajay jaitwal", dob: "2024-01-08", phone: "09893805106", address: "sanwer\r\nsanwer", lat: nil, long: nil, last_login_ip: nil, parent_id: 1, created_at: "2024-01-08 19:30:31.568290000 +0000", updated_at: "2024-01-08 19:30:31.568290000 +0000", gender: "Male", image: "Screenshot_from_2023-10-27_20-09-45.png">, @mounted_as=:image, @staged=false, @file=#<CarrierWave::SanitizedFile:0x00005646df31eff8 @file="/home/tushar/smyroid-full_stack-2/School-Management-System/public/uploads/student/image/1/Screenshot_from_2023-10-27_20-09-45.png", @original_filename=nil, @declared_content_type=nil, @content_type=nil, @content=nil>, @filename=nil, @cache_id=nil, @identifier="Screenshot_from_2023-10-27_20-09-45.png", @deduplication_index=nil, @versions={}, @storage=#<CarrierWave::Storage::File:0x00005646df31f6b0 @uploader=#<StudentUploader:0x00005646df31f7a0 ...>, @cache_called=nil>>
Did you mean?  to_xml):
    14:             %tr
    15:               %th Image
    16:               <%debugger%>
    17:               %td= image_tag @student.image, size: '150x150'
    18:             %tr
    19:               %th Name
    20:               %td= @student.name
  
app/views/students/show.html.haml:17
Started GET "/students/1" for ::1 at 2024-01-09 01:03:34 +0530
Processing by StudentsController#show as HTML
  Parameters: {"id"=>"1"}
  [1m[36mUser Load (1.0ms)[0m  [1m[34mSELECT "users".* FROM "users" WHERE "users"."id" = $1 ORDER BY "users"."id" ASC LIMIT $2[0m  [["id", 1], ["LIMIT", 1]]
  [1m[36mStudent Load (0.5ms)[0m  [1m[34mSELECT "students".* FROM "students" WHERE "students"."id" = $1 LIMIT $2[0m  [["id", 1], ["LIMIT", 1]]
  Rendering layout layouts/application.html.haml
  Rendering students/show.html.haml within layouts/application
  Rendered students/show.html.haml within layouts/application (Duration: 5.8ms | Allocations: 2541)
  Rendered layout layouts/application.html.haml (Duration: 6.1ms | Allocations: 2614)
Completed 500 Internal Server Error in 13ms (ActiveRecord: 1.5ms | Allocations: 3951)


  
ActionView::Template::Error (Can't resolve image into URL: undefined method `to_model' for #<StudentUploader:0x00007f53e1305bb0 @model=#<Student id: 1, email: "tushar11@gmail.com", name: "Ajay jaitwal", dob: "2024-01-08", phone: "09893805106", address: "sanwer\r\nsanwer", lat: nil, long: nil, last_login_ip: nil, parent_id: 1, created_at: "2024-01-08 19:30:31.568290000 +0000", updated_at: "2024-01-08 19:30:31.568290000 +0000", gender: "Male", image: "Screenshot_from_2023-10-27_20-09-45.png">, @mounted_as=:image, @staged=false, @file=#<CarrierWave::SanitizedFile:0x00007f53e13057c8 @file="/home/tushar/smyroid-full_stack-2/School-Management-System/public/uploads/student/image/1/Screenshot_from_2023-10-27_20-09-45.png", @original_filename=nil, @declared_content_type=nil, @content_type=nil, @content=nil>, @filename=nil, @cache_id=nil, @identifier="Screenshot_from_2023-10-27_20-09-45.png", @deduplication_index=nil, @versions={}, @storage=#<CarrierWave::Storage::File:0x00007f53e1305ae8 @uploader=#<StudentUploader:0x00007f53e1305bb0 ...>, @cache_called=nil>>
Did you mean?  to_xml):
    14:             %tr
    15:               %th Image
    16:               <%debugger%>
    17:               %td= image_tag @student.image, size: '150x150'
    18:             %tr
    19:               %th Name
    20:               %td= @student.name
  
app/views/students/show.html.haml:17
Started GET "/students/1" for ::1 at 2024-01-09 01:03:43 +0530
  [1m[35m (1.0ms)[0m  [1m[34mSELECT "schema_migrations"."version" FROM "schema_migrations" ORDER BY "schema_migrations"."version" ASC[0m
Processing by StudentsController#show as HTML
  Parameters: {"id"=>"1"}
  [1m[36mUser Load (0.6ms)[0m  [1m[34mSELECT "users".* FROM "users" WHERE "users"."id" = $1 ORDER BY "users"."id" ASC LIMIT $2[0m  [["id", 1], ["LIMIT", 1]]
  [1m[36mStudent Load (0.7ms)[0m  [1m[34mSELECT "students".* FROM "students" WHERE "students"."id" = $1 LIMIT $2[0m  [["id", 1], ["LIMIT", 1]]
  Rendering layout layouts/application.html.haml
  Rendering students/show.html.haml within layouts/application
  Rendered students/show.html.haml within layouts/application (Duration: 40.6ms | Allocations: 22978)
  Rendered layout layouts/application.html.haml (Duration: 40.9ms | Allocations: 23074)
Completed 500 Internal Server Error in 124ms (ActiveRecord: 11.5ms | Allocations: 48378)


  
ActionView::Template::Error (Can't resolve image into URL: undefined method `to_model' for #<StudentUploader:0x00005565eb208630 @model=#<Student id: 1, email: "tushar11@gmail.com", name: "Ajay jaitwal", dob: "2024-01-08", phone: "09893805106", address: "sanwer\r\nsanwer", lat: nil, long: nil, last_login_ip: nil, parent_id: 1, created_at: "2024-01-08 19:30:31.568290000 +0000", updated_at: "2024-01-08 19:30:31.568290000 +0000", gender: "Male", image: "Screenshot_from_2023-10-27_20-09-45.png">, @mounted_as=:image, @staged=false, @file=#<CarrierWave::SanitizedFile:0x00005565eb2165c8 @file="/home/tushar/smyroid-full_stack-2/School-Management-System/public/uploads/student/image/1/Screenshot_from_2023-10-27_20-09-45.png", @original_filename=nil, @declared_content_type=nil, @content_type=nil, @content=nil>, @filename=nil, @cache_id=nil, @identifier="Screenshot_from_2023-10-27_20-09-45.png", @deduplication_index=nil, @versions={}, @storage=#<CarrierWave::Storage::File:0x00005565eb208040 @uploader=#<StudentUploader:0x00005565eb208630 ...>, @cache_called=nil>>
Did you mean?  to_xml):
    14:             %tr
    15:               %th Image
    16:               <%debugger%>
    17:               %td= image_tag @student.image, size: '150x150'
    18:             %tr
    19:               %th Name
    20:               %td= @student.name
  
app/views/students/show.html.haml:17
Started GET "/students/1" for ::1 at 2024-01-09 01:04:16 +0530
Processing by StudentsController#show as HTML
  Parameters: {"id"=>"1"}
  [1m[36mUser Load (1.3ms)[0m  [1m[34mSELECT "users".* FROM "users" WHERE "users"."id" = $1 ORDER BY "users"."id" ASC LIMIT $2[0m  [["id", 1], ["LIMIT", 1]]
  [1m[36mStudent Load (0.6ms)[0m  [1m[34mSELECT "students".* FROM "students" WHERE "students"."id" = $1 LIMIT $2[0m  [["id", 1], ["LIMIT", 1]]
  Rendering layout layouts/application.html.haml
  Rendering students/show.html.haml within layouts/application
  Rendered students/show.html.haml within layouts/application (Duration: 30.5ms | Allocations: 16744)
  Rendered layout layouts/application.html.haml (Duration: 30.9ms | Allocations: 16821)
Completed 500 Internal Server Error in 45ms (ActiveRecord: 1.9ms | Allocations: 18792)


  
ActionView::Template::Error (Can't resolve image into URL: undefined method `to_model' for #<StudentUploader:0x00005565eb4654c8 @model=#<Student id: 1, email: "tushar11@gmail.com", name: "Ajay jaitwal", dob: "2024-01-08", phone: "09893805106", address: "sanwer\r\nsanwer", lat: nil, long: nil, last_login_ip: nil, parent_id: 1, created_at: "2024-01-08 19:30:31.568290000 +0000", updated_at: "2024-01-08 19:30:31.568290000 +0000", gender: "Male", image: "Screenshot_from_2023-10-27_20-09-45.png">, @mounted_as=:image, @staged=false, @file=#<CarrierWave::SanitizedFile:0x00005565eb464cd0 @file="/home/tushar/smyroid-full_stack-2/School-Management-System/public/uploads/student/image/1/Screenshot_from_2023-10-27_20-09-45.png", @original_filename=nil, @declared_content_type=nil, @content_type=nil, @content=nil>, @filename=nil, @cache_id=nil, @identifier="Screenshot_from_2023-10-27_20-09-45.png", @deduplication_index=nil, @versions={}, @storage=#<CarrierWave::Storage::File:0x00005565eb465360 @uploader=#<StudentUploader:0x00005565eb4654c8 ...>, @cache_called=nil>>
Did you mean?  to_xml):
    14:             %tr
    15:               %th Image
    16:               <%biding.pry%>
    17:               %td= image_tag @student.image, size: '150x150'
    18:             %tr
    19:               %th Name
    20:               %td= @student.name
  
app/views/students/show.html.haml:17
Started GET "/students/1" for ::1 at 2024-01-09 01:04:25 +0530
Processing by StudentsController#show as HTML
  Parameters: {"id"=>"1"}
  [1m[36mUser Load (1.9ms)[0m  [1m[34mSELECT "users".* FROM "users" WHERE "users"."id" = $1 ORDER BY "users"."id" ASC LIMIT $2[0m  [["id", 1], ["LIMIT", 1]]
  [1m[36mStudent Load (2.9ms)[0m  [1m[34mSELECT "students".* FROM "students" WHERE "students"."id" = $1 LIMIT $2[0m  [["id", 1], ["LIMIT", 1]]
  Rendering layout layouts/application.html.haml
  Rendering students/show.html.haml within layouts/application
  Rendered students/show.html.haml within layouts/application (Duration: 35.2ms | Allocations: 2541)
  Rendered layout layouts/application.html.haml (Duration: 36.8ms | Allocations: 2614)
Completed 500 Internal Server Error in 63ms (ActiveRecord: 4.8ms | Allocations: 3951)


  
ActionView::Template::Error (Can't resolve image into URL: undefined method `to_model' for #<StudentUploader:0x00007f66b50f7da0 @model=#<Student id: 1, email: "tushar11@gmail.com", name: "Ajay jaitwal", dob: "2024-01-08", phone: "09893805106", address: "sanwer\r\nsanwer", lat: nil, long: nil, last_login_ip: nil, parent_id: 1, created_at: "2024-01-08 19:30:31.568290000 +0000", updated_at: "2024-01-08 19:30:31.568290000 +0000", gender: "Male", image: "Screenshot_from_2023-10-27_20-09-45.png">, @mounted_as=:image, @staged=false, @file=#<CarrierWave::SanitizedFile:0x00007f66b50f79b8 @file="/home/tushar/smyroid-full_stack-2/School-Management-System/public/uploads/student/image/1/Screenshot_from_2023-10-27_20-09-45.png", @original_filename=nil, @declared_content_type=nil, @content_type=nil, @content=nil>, @filename=nil, @cache_id=nil, @identifier="Screenshot_from_2023-10-27_20-09-45.png", @deduplication_index=nil, @versions={}, @storage=#<CarrierWave::Storage::File:0x00007f66b50f7cd8 @uploader=#<StudentUploader:0x00007f66b50f7da0 ...>, @cache_called=nil>>
Did you mean?  to_xml):
    14:             %tr
    15:               %th Image
    16:               <%biding.pry%>
    17:               %td= image_tag @student.image, size: '150x150'
    18:             %tr
    19:               %th Name
    20:               %td= @student.name
  
app/views/students/show.html.haml:17
  [1m[36mStudent Load (0.6ms)[0m  [1m[34mSELECT "students".* FROM "students" ORDER BY "students"."id" DESC LIMIT $1[0m  [["LIMIT", 1]]
  [1m[36mStudent Load (1.7ms)[0m  [1m[34mSELECT "students".* FROM "students" ORDER BY "students"."id" DESC LIMIT $1[0m  [["LIMIT", 1]]
  [1m[36mStudent Load (1.4ms)[0m  [1m[34mSELECT "students".* FROM "students" ORDER BY "students"."id" DESC LIMIT $1[0m  [["LIMIT", 1]]
  [1m[36mStudent Load (2.1ms)[0m  [1m[34mSELECT "students".* FROM "students" ORDER BY "students"."id" DESC LIMIT $1[0m  [["LIMIT", 1]]
  [1m[36mStudent Load (1.7ms)[0m  [1m[34mSELECT "students".* FROM "students" ORDER BY "students"."id" DESC LIMIT $1[0m  [["LIMIT", 1]]
  [1m[36mStudent Load (1.7ms)[0m  [1m[34mSELECT "students".* FROM "students" ORDER BY "students"."id" DESC LIMIT $1[0m  [["LIMIT", 1]]
Started GET "/students/1" for ::1 at 2024-01-09 01:05:44 +0530
  [1m[35m (0.7ms)[0m  [1m[34mSELECT "schema_migrations"."version" FROM "schema_migrations" ORDER BY "schema_migrations"."version" ASC[0m
Processing by StudentsController#show as HTML
  Parameters: {"id"=>"1"}
  [1m[36mUser Load (0.7ms)[0m  [1m[34mSELECT "users".* FROM "users" WHERE "users"."id" = $1 ORDER BY "users"."id" ASC LIMIT $2[0m  [["id", 1], ["LIMIT", 1]]
  [1m[36mStudent Load (0.9ms)[0m  [1m[34mSELECT "students".* FROM "students" WHERE "students"."id" = $1 LIMIT $2[0m  [["id", 1], ["LIMIT", 1]]
  Rendering layout layouts/application.html.haml
  Rendering students/show.html.haml within layouts/application
  Rendered students/show.html.haml within layouts/application (Duration: 42.0ms | Allocations: 22137)
  Rendered layout layouts/application.html.haml (Duration: 42.6ms | Allocations: 22233)
Completed 500 Internal Server Error in 123ms (ActiveRecord: 13.3ms | Allocations: 47541)


  
ActionView::Template::Error (The asset "Screenshot_from_2023-10-27_20-09-45.png" is not present in the asset pipeline.
):
    13:           %table.table
    14:             %tr
    15:               %th Image
    16:               %td= image_tag @student.image_identifier, size: '150x150'
    17:             %tr
    18:               %th Name
    19:               %td= @student.name
  
app/views/students/show.html.haml:16
Started GET "/students/1" for ::1 at 2024-01-09 01:05:57 +0530
Processing by StudentsController#show as HTML
  Parameters: {"id"=>"1"}
  [1m[36mUser Load (2.6ms)[0m  [1m[34mSELECT "users".* FROM "users" WHERE "users"."id" = $1 ORDER BY "users"."id" ASC LIMIT $2[0m  [["id", 1], ["LIMIT", 1]]
  [1m[36mStudent Load (1.8ms)[0m  [1m[34mSELECT "students".* FROM "students" WHERE "students"."id" = $1 LIMIT $2[0m  [["id", 1], ["LIMIT", 1]]
  Rendering layout layouts/application.html.haml
  Rendering students/show.html.haml within layouts/application
  Rendered students/show.html.haml within layouts/application (Duration: 46.6ms | Allocations: 16983)
  Rendered layout layouts/application.html.haml (Duration: 50.0ms | Allocations: 17060)
Completed 500 Internal Server Error in 102ms (ActiveRecord: 4.5ms | Allocations: 19028)


  
ActionView::Template::Error (Can't resolve image into URL: undefined method `to_model' for #<StudentUploader:0x000055b8bb274cb8 @model=#<Student id: 1, email: "tushar11@gmail.com", name: "Ajay jaitwal", dob: "2024-01-08", phone: "09893805106", address: "sanwer\r\nsanwer", lat: nil, long: nil, last_login_ip: nil, parent_id: 1, created_at: "2024-01-08 19:30:31.568290000 +0000", updated_at: "2024-01-08 19:30:31.568290000 +0000", gender: "Male", image: "Screenshot_from_2023-10-27_20-09-45.png">, @mounted_as=:image, @staged=false, @file=#<CarrierWave::SanitizedFile:0x000055b8bb25b8a8 @file="/home/tushar/smyroid-full_stack-2/School-Management-System/public/uploads/student/image/1/Screenshot_from_2023-10-27_20-09-45.png", @original_filename=nil, @declared_content_type=nil, @content_type=nil, @content=nil>, @filename=nil, @cache_id=nil, @identifier="Screenshot_from_2023-10-27_20-09-45.png", @deduplication_index=nil, @versions={}, @storage=#<CarrierWave::Storage::File:0x000055b8bb274880 @uploader=#<StudentUploader:0x000055b8bb274cb8 ...>, @cache_called=nil>>
Did you mean?  to_xml):
    14:             %tr
    15:               %th Image
    16:               <%biding.pry%>
    17:               %td= image_tag @student.image
    18:             %tr
    19:               %th Name
    20:               %td= @student.name
  
app/views/students/show.html.haml:17
Started GET "/students/1" for ::1 at 2024-01-09 01:06:04 +0530
Processing by StudentsController#show as HTML
  Parameters: {"id"=>"1"}
  [1m[36mUser Load (2.9ms)[0m  [1m[34mSELECT "users".* FROM "users" WHERE "users"."id" = $1 ORDER BY "users"."id" ASC LIMIT $2[0m  [["id", 1], ["LIMIT", 1]]
  [1m[36mStudent Load (3.3ms)[0m  [1m[34mSELECT "students".* FROM "students" WHERE "students"."id" = $1 LIMIT $2[0m  [["id", 1], ["LIMIT", 1]]
  Rendering layout layouts/application.html.haml
  Rendering students/show.html.haml within layouts/application
  Rendered students/show.html.haml within layouts/application (Duration: 37.9ms | Allocations: 16746)
  Rendered layout layouts/application.html.haml (Duration: 38.7ms | Allocations: 16823)
Completed 500 Internal Server Error in 71ms (ActiveRecord: 6.2ms | Allocations: 18933)


  
ActionView::Template::Error (Can't resolve image into URL: undefined method `to_model' for #<StudentUploader:0x00007f1789519698 @model=#<Student id: 1, email: "tushar11@gmail.com", name: "Ajay jaitwal", dob: "2024-01-08", phone: "09893805106", address: "sanwer\r\nsanwer", lat: nil, long: nil, last_login_ip: nil, parent_id: 1, created_at: "2024-01-08 19:30:31.568290000 +0000", updated_at: "2024-01-08 19:30:31.568290000 +0000", gender: "Male", image: "Screenshot_from_2023-10-27_20-09-45.png">, @mounted_as=:image, @staged=false, @file=#<CarrierWave::SanitizedFile:0x00007f1789519148 @file="/home/tushar/smyroid-full_stack-2/School-Management-System/public/uploads/student/image/1/Screenshot_from_2023-10-27_20-09-45.png", @original_filename=nil, @declared_content_type=nil, @content_type=nil, @content=nil>, @filename=nil, @cache_id=nil, @identifier="Screenshot_from_2023-10-27_20-09-45.png", @deduplication_index=nil, @versions={}, @storage=#<CarrierWave::Storage::File:0x00007f17895195a8 @uploader=#<StudentUploader:0x00007f1789519698 ...>, @cache_called=nil>>
Did you mean?  to_xml):
    14:             %tr
    15:               %th Image
    16:               <%biding.pry%>
    17:               %td= image_tag @student&.image, size: '150x150'
    18:             %tr
    19:               %th Name
    20:               %td= @student.name
  
app/views/students/show.html.haml:17
Started GET "/students/1" for ::1 at 2024-01-09 01:06:13 +0530
Processing by StudentsController#show as HTML
  Parameters: {"id"=>"1"}
  [1m[36mUser Load (1.5ms)[0m  [1m[34mSELECT "users".* FROM "users" WHERE "users"."id" = $1 ORDER BY "users"."id" ASC LIMIT $2[0m  [["id", 1], ["LIMIT", 1]]
  [1m[36mStudent Load (1.5ms)[0m  [1m[34mSELECT "students".* FROM "students" WHERE "students"."id" = $1 LIMIT $2[0m  [["id", 1], ["LIMIT", 1]]
  Rendering layout layouts/application.html.haml
  Rendering students/show.html.haml within layouts/application
  [1m[36mParent Load (0.6ms)[0m  [1m[34mSELECT "parents".* FROM "parents" WHERE "parents"."id" = $1 LIMIT $2[0m  [["id", 1], ["LIMIT", 1]]
  Rendered students/show.html.haml within layouts/application (Duration: 108.2ms | Allocations: 27375)
  Rendered partials/_sidebar.html.haml (Duration: 13.9ms | Allocations: 14151)
  Rendered partials/_topnav.html.haml (Duration: 18.9ms | Allocations: 15426)
  Rendered layout layouts/application.html.haml (Duration: 263.6ms | Allocations: 101318)
Completed 200 OK in 312ms (Views: 266.7ms | ActiveRecord: 8.0ms | Allocations: 103351)


Started GET "/students/1" for ::1 at 2024-01-09 01:09:19 +0530
Processing by StudentsController#show as HTML
  Parameters: {"id"=>"1"}
  [1m[36mUser Load (0.9ms)[0m  [1m[34mSELECT "users".* FROM "users" WHERE "users"."id" = $1 ORDER BY "users"."id" ASC LIMIT $2[0m  [["id", 1], ["LIMIT", 1]]
  [1m[36mStudent Load (0.5ms)[0m  [1m[34mSELECT "students".* FROM "students" WHERE "students"."id" = $1 LIMIT $2[0m  [["id", 1], ["LIMIT", 1]]
  Rendering layout layouts/application.html.haml
  Rendering students/show.html.haml within layouts/application
  Rendered students/show.html.haml within layouts/application (Duration: 25.5ms | Allocations: 16080)
  Rendered layout layouts/application.html.haml (Duration: 25.9ms | Allocations: 16156)
Completed 500 Internal Server Error in 38ms (ActiveRecord: 1.4ms | Allocations: 18062)


  
ActionView::Template::Error (The asset "Screenshot_from_2023-10-27_20-09-45.png" is not present in the asset pipeline.
):
    13:           %table.table
    14:             %tr
    15:               %th Image 
    16:               %td= image_tag(url_for(@student.image_identifier))
    17:             %tr
    18:               %th Name
    19:               %td= @student.name
  
app/views/students/show.html.haml:16
Started GET "/students/1" for ::1 at 2024-01-09 01:09:45 +0530
Processing by StudentsController#show as HTML
  Parameters: {"id"=>"1"}
  [1m[36mUser Load (0.6ms)[0m  [1m[34mSELECT "users".* FROM "users" WHERE "users"."id" = $1 ORDER BY "users"."id" ASC LIMIT $2[0m  [["id", 1], ["LIMIT", 1]]
  [1m[36mStudent Load (0.8ms)[0m  [1m[34mSELECT "students".* FROM "students" WHERE "students"."id" = $1 LIMIT $2[0m  [["id", 1], ["LIMIT", 1]]
  Rendering layout layouts/application.html.haml
  Rendering students/show.html.haml within layouts/application
  Rendered students/show.html.haml within layouts/application (Duration: 36.4ms | Allocations: 16904)
  Rendered layout layouts/application.html.haml (Duration: 37.0ms | Allocations: 16981)
Completed 500 Internal Server Error in 57ms (ActiveRecord: 1.4ms | Allocations: 19110)


  
ActionView::Template::Error (Can't resolve image into URL: undefined method `to_model' for #<StudentUploader:0x00007f17891ef5d0 @model=#<Student id: 1, email: "tushar11@gmail.com", name: "Ajay jaitwal", dob: "2024-01-08", phone: "09893805106", address: "sanwer\r\nsanwer", lat: nil, long: nil, last_login_ip: nil, parent_id: 1, created_at: "2024-01-08 19:30:31.568290000 +0000", updated_at: "2024-01-08 19:30:31.568290000 +0000", gender: "Male", image: "Screenshot_from_2023-10-27_20-09-45.png">, @mounted_as=:image, @staged=false, @file=#<CarrierWave::SanitizedFile:0x00007f17891eeab8 @file="/home/tushar/smyroid-full_stack-2/School-Management-System/public/uploads/student/image/1/Screenshot_from_2023-10-27_20-09-45.png", @original_filename=nil, @declared_content_type=nil, @content_type=nil, @content=nil>, @filename=nil, @cache_id=nil, @identifier="Screenshot_from_2023-10-27_20-09-45.png", @deduplication_index=nil, @versions={}, @storage=#<CarrierWave::Storage::File:0x00007f17891ef3c8 @uploader=#<StudentUploader:0x00007f17891ef5d0 ...>, @cache_called=nil>>
Did you mean?  to_xml):
    14:             - if @student.image.present?
    15:               %tr
    16:                 %th Image 
    17:                 %td= image_tag @student.image, size: '150x150'
    18:             %tr
    19:               %th Name
    20:               %td= @student.name
  
app/views/students/show.html.haml:17
Started GET "/students/1" for ::1 at 2024-01-09 01:10:15 +0530
Processing by StudentsController#show as HTML
  Parameters: {"id"=>"1"}
  [1m[36mUser Load (0.9ms)[0m  [1m[34mSELECT "users".* FROM "users" WHERE "users"."id" = $1 ORDER BY "users"."id" ASC LIMIT $2[0m  [["id", 1], ["LIMIT", 1]]
  [1m[36mStudent Load (2.5ms)[0m  [1m[34mSELECT "students".* FROM "students" WHERE "students"."id" = $1 LIMIT $2[0m  [["id", 1], ["LIMIT", 1]]
  Rendering layout layouts/application.html.haml
  Rendering students/show.html.haml within layouts/application
  [1m[36mParent Load (0.4ms)[0m  [1m[34mSELECT "parents".* FROM "parents" WHERE "parents"."id" = $1 LIMIT $2[0m  [["id", 1], ["LIMIT", 1]]
  Rendered students/show.html.haml within layouts/application (Duration: 39.1ms | Allocations: 14061)
  Rendered partials/_sidebar.html.haml (Duration: 20.0ms | Allocations: 13908)
  Rendered partials/_topnav.html.haml (Duration: 15.4ms | Allocations: 15401)
  Rendered layout layouts/application.html.haml (Duration: 112.7ms | Allocations: 64431)
Completed 200 OK in 148ms (Views: 122.1ms | ActiveRecord: 3.8ms | Allocations: 66378)


Started GET "/teachers" for ::1 at 2024-01-09 01:10:20 +0530
Processing by TeachersController#index as HTML
  [1m[36mUser Load (0.3ms)[0m  [1m[34mSELECT "users".* FROM "users" WHERE "users"."id" = $1 ORDER BY "users"."id" ASC LIMIT $2[0m  [["id", 1], ["LIMIT", 1]]
  Rendering layout layouts/application.html.haml
  Rendering teachers/index.html.haml within layouts/application
  [1m[36mTeacher Load (0.8ms)[0m  [1m[34mSELECT "teachers".* FROM "teachers"[0m
  Rendered teachers/index.html.haml within layouts/application (Duration: 17.7ms | Allocations: 11098)
  Rendered partials/_sidebar.html.haml (Duration: 0.8ms | Allocations: 528)
  Rendered partials/_topnav.html.haml (Duration: 0.7ms | Allocations: 100)
  Rendered layout layouts/application.html.haml (Duration: 38.9ms | Allocations: 22341)
Completed 200 OK in 46ms (Views: 36.6ms | ActiveRecord: 4.5ms | Allocations: 24087)


Started GET "/teachers/new" for ::1 at 2024-01-09 01:10:22 +0530
Processing by TeachersController#new as HTML
  [1m[36mUser Load (0.5ms)[0m  [1m[34mSELECT "users".* FROM "users" WHERE "users"."id" = $1 ORDER BY "users"."id" ASC LIMIT $2[0m  [["id", 1], ["LIMIT", 1]]
  Rendering layout layouts/application.html.haml
  Rendering teachers/new.html.haml within layouts/application
  Rendered teachers/_form.html.haml (Duration: 93.4ms | Allocations: 30408)
  Rendered teachers/new.html.haml within layouts/application (Duration: 100.7ms | Allocations: 34949)
  Rendered partials/_sidebar.html.haml (Duration: 0.9ms | Allocations: 498)
  Rendered partials/_topnav.html.haml (Duration: 0.4ms | Allocations: 94)
  Rendered layout layouts/application.html.haml (Duration: 133.1ms | Allocations: 45946)
Completed 200 OK in 170ms (Views: 133.7ms | ActiveRecord: 4.5ms | Allocations: 55596)


Started POST "/teachers" for ::1 at 2024-01-09 01:11:12 +0530
Processing by TeachersController#create as HTML
  Parameters: {"utf8"=>"✓", "authenticity_token"=>"Yv1DJOLFb4EZSFzPG0wIlyIRNc/L+aZYnMFdW7Ij0xXvOzkp+hcYAMgAXrDqg9BfkeL2HRMP4S6RwQtlfg7OvA==", "teacher"=>{"image"=>#<ActionDispatch::Http::UploadedFile:0x000055b8b9fb1bf8 @tempfile=#<Tempfile:/tmp/RackMultipart20240109-103697-7bt25q.jpeg>, @original_filename="WhatsApp Image 2023-12-08 at 3.39.42 PM.jpeg", @content_type="image/jpeg", @headers="Content-Disposition: form-data; name=\"teacher[image]\"; filename=\"WhatsApp Image 2023-12-08 at 3.39.42 PM.jpeg\"\r\nContent-Type: image/jpeg\r\n">, "image_cache"=>"", "name"=>"Tushar", "email"=>"tushar11@gmail.com", "password"=>"[FILTERED]", "dob(1i)"=>"2024", "dob(2i)"=>"1", "dob(3i)"=>"8", "phone"=>"08765566543", "gender"=>"Male", "address"=>"sanwer\r\nsanwer", "lat"=>"", "long"=>""}, "commit"=>"Create Teacher"}
  [1m[36mUser Load (0.5ms)[0m  [1m[34mSELECT "users".* FROM "users" WHERE "users"."id" = $1 ORDER BY "users"."id" ASC LIMIT $2[0m  [["id", 1], ["LIMIT", 1]]
  [1m[36mTRANSACTION (0.2ms)[0m  [1m[35mBEGIN[0m
  [1m[36mTeacher Exists? (0.5ms)[0m  [1m[34mSELECT 1 AS one FROM "teachers" WHERE "teachers"."email" = $1 LIMIT $2[0m  [["email", "tushar11@gmail.com"], ["LIMIT", 1]]
  [1m[36mTeacher Create (0.9ms)[0m  [1m[32mINSERT INTO "teachers" ("email", "encrypted_password", "name", "dob", "gender", "image", "phone", "address", "created_at", "updated_at") VALUES ($1, $2, $3, $4, $5, $6, $7, $8, $9, $10) RETURNING "id"[0m  [["email", "tushar11@gmail.com"], ["encrypted_password", "$2a$11$YS7Fyb0EDUVxheE7EdpxG.vuYaoWB9G492QkQ4ufEHD.0i88nMapS"], ["name", "Tushar"], ["dob", "2024-01-08"], ["gender", "Male"], ["image", "WhatsApp_Image_2023-12-08_at_3.39.42_PM.jpeg"], ["phone", "08765566543"], ["address", "sanwer\r\nsanwer"], ["created_at", "2024-01-08 19:41:12.761533"], ["updated_at", "2024-01-08 19:41:12.761533"]]
  [1m[36mTRANSACTION (0.9ms)[0m  [1m[35mCOMMIT[0m
Redirected to http://localhost:3000/teachers/1
Completed 302 Found in 217ms (ActiveRecord: 2.9ms | Allocations: 5475)


Started GET "/teachers/1" for ::1 at 2024-01-09 01:11:12 +0530
Processing by TeachersController#show as HTML
  Parameters: {"id"=>"1"}
  [1m[36mUser Load (0.2ms)[0m  [1m[34mSELECT "users".* FROM "users" WHERE "users"."id" = $1 ORDER BY "users"."id" ASC LIMIT $2[0m  [["id", 1], ["LIMIT", 1]]
  [1m[36mTeacher Load (0.6ms)[0m  [1m[34mSELECT "teachers".* FROM "teachers" WHERE "teachers"."id" = $1 LIMIT $2[0m  [["id", 1], ["LIMIT", 1]]
  Rendering layout layouts/application.html.haml
  Rendering teachers/show.html.haml within layouts/application
  Rendered teachers/show.html.haml within layouts/application (Duration: 21.4ms | Allocations: 15842)
  Rendered layout layouts/application.html.haml (Duration: 21.7ms | Allocations: 15915)
Completed 500 Internal Server Error in 28ms (ActiveRecord: 0.8ms | Allocations: 17433)


  
ActionView::Template::Error (Can't resolve image into URL: undefined method `to_model' for #<TeacherUploader:0x000055b8bb23e0f0 @model=#<Teacher id: 1, email: "tushar11@gmail.com", name: "Tushar", dob: "2024-01-08", gender: "Male", image: "WhatsApp_Image_2023-12-08_at_3.39.42_PM.jpeg", phone: "08765566543", address: "sanwer\r\nsanwer", lat: nil, long: nil, last_login_ip: "127.0.0.1", created_at: "2024-01-08 19:41:12.761533000 +0000", updated_at: "2024-01-08 19:41:12.761533000 +0000">, @mounted_as=:image, @staged=false, @file=#<CarrierWave::SanitizedFile:0x000055b8bb23dc68 @file="/home/tushar/smyroid-full_stack-2/School-Management-System/public/uploads/teacher/image/1/WhatsApp_Image_2023-12-08_at_3.39.42_PM.jpeg", @original_filename=nil, @declared_content_type=nil, @content_type=nil, @content=nil>, @filename=nil, @cache_id=nil, @identifier="WhatsApp_Image_2023-12-08_at_3.39.42_PM.jpeg", @deduplication_index=nil, @versions={}, @storage=#<CarrierWave::Storage::File:0x000055b8bb23e000 @uploader=#<TeacherUploader:0x000055b8bb23e0f0 ...>, @cache_called=nil>>
Did you mean?  to_xml):
    13:           %table.table
    14:             %tr
    15:               %th Image
    16:               %td= image_tag @teacher.image, size: '150x150'
    17:             %tr
    18:               %th Name
    19:               %td= @teacher.name
  
app/views/teachers/show.html.haml:16
Started GET "/teachers" for ::1 at 2024-01-09 01:11:20 +0530
Processing by TeachersController#index as HTML
  [1m[36mUser Load (1.3ms)[0m  [1m[34mSELECT "users".* FROM "users" WHERE "users"."id" = $1 ORDER BY "users"."id" ASC LIMIT $2[0m  [["id", 1], ["LIMIT", 1]]
  Rendering layout layouts/application.html.haml
  Rendering teachers/index.html.haml within layouts/application
  [1m[36mTeacher Load (2.0ms)[0m  [1m[34mSELECT "teachers".* FROM "teachers"[0m
  Rendered teachers/index.html.haml within layouts/application (Duration: 9.9ms | Allocations: 459)
  Rendered partials/_sidebar.html.haml (Duration: 1.1ms | Allocations: 482)
  Rendered partials/_topnav.html.haml (Duration: 0.3ms | Allocations: 93)
  Rendered layout layouts/application.html.haml (Duration: 54.8ms | Allocations: 11972)
Completed 200 OK in 78ms (Views: 56.6ms | ActiveRecord: 3.3ms | Allocations: 12949)


Started GET "/teachers/1" for ::1 at 2024-01-09 01:11:25 +0530
Processing by TeachersController#show as HTML
  Parameters: {"id"=>"1"}
  [1m[36mUser Load (1.1ms)[0m  [1m[34mSELECT "users".* FROM "users" WHERE "users"."id" = $1 ORDER BY "users"."id" ASC LIMIT $2[0m  [["id", 1], ["LIMIT", 1]]
  [1m[36mTeacher Load (2.4ms)[0m  [1m[34mSELECT "teachers".* FROM "teachers" WHERE "teachers"."id" = $1 LIMIT $2[0m  [["id", 1], ["LIMIT", 1]]
  Rendering layout layouts/application.html.haml
  Rendering teachers/show.html.haml within layouts/application
  Rendered teachers/show.html.haml within layouts/application (Duration: 35.1ms | Allocations: 2538)
  Rendered layout layouts/application.html.haml (Duration: 37.0ms | Allocations: 2610)
Completed 500 Internal Server Error in 70ms (ActiveRecord: 3.4ms | Allocations: 3719)


  
ActionView::Template::Error (Can't resolve image into URL: undefined method `to_model' for #<TeacherUploader:0x00007f1789b40cd8 @model=#<Teacher id: 1, email: "tushar11@gmail.com", name: "Tushar", dob: "2024-01-08", gender: "Male", image: "WhatsApp_Image_2023-12-08_at_3.39.42_PM.jpeg", phone: "08765566543", address: "sanwer\r\nsanwer", lat: nil, long: nil, last_login_ip: "127.0.0.1", created_at: "2024-01-08 19:41:12.761533000 +0000", updated_at: "2024-01-08 19:41:12.761533000 +0000">, @mounted_as=:image, @staged=false, @file=#<CarrierWave::SanitizedFile:0x00007f1789b40760 @file="/home/tushar/smyroid-full_stack-2/School-Management-System/public/uploads/teacher/image/1/WhatsApp_Image_2023-12-08_at_3.39.42_PM.jpeg", @original_filename=nil, @declared_content_type=nil, @content_type=nil, @content=nil>, @filename=nil, @cache_id=nil, @identifier="WhatsApp_Image_2023-12-08_at_3.39.42_PM.jpeg", @deduplication_index=nil, @versions={}, @storage=#<CarrierWave::Storage::File:0x00007f1789b40c10 @uploader=#<TeacherUploader:0x00007f1789b40cd8 ...>, @cache_called=nil>>
Did you mean?  to_xml):
    13:           %table.table
    14:             %tr
    15:               %th Image
    16:               %td= image_tag @teacher.image, size: '150x150'
    17:             %tr
    18:               %th Name
    19:               %td= @teacher.name
  
app/views/teachers/show.html.haml:16
Started GET "/teachers/1/edit" for ::1 at 2024-01-09 01:11:30 +0530
Processing by TeachersController#edit as HTML
  Parameters: {"id"=>"1"}
  [1m[36mUser Load (2.3ms)[0m  [1m[34mSELECT "users".* FROM "users" WHERE "users"."id" = $1 ORDER BY "users"."id" ASC LIMIT $2[0m  [["id", 1], ["LIMIT", 1]]
  [1m[36mTeacher Load (2.8ms)[0m  [1m[34mSELECT "teachers".* FROM "teachers" WHERE "teachers"."id" = $1 LIMIT $2[0m  [["id", 1], ["LIMIT", 1]]
  Rendering layout layouts/application.html.haml
  Rendering teachers/edit.html.haml within layouts/application
  Rendered teachers/_form.html.haml (Duration: 22.1ms | Allocations: 7382)
  Rendered teachers/edit.html.haml within layouts/application (Duration: 53.0ms | Allocations: 12359)
  Rendered partials/_sidebar.html.haml (Duration: 0.8ms | Allocations: 469)
  Rendered partials/_topnav.html.haml (Duration: 0.2ms | Allocations: 86)
  Rendered layout layouts/application.html.haml (Duration: 75.4ms | Allocations: 23716)
Completed 200 OK in 107ms (Views: 81.4ms | ActiveRecord: 5.1ms | Allocations: 24993)


